

Started GET "/" for ::1 at 2018-04-11 22:02:36 -0400
Processing by Rails::WelcomeController#index as HTML
  Rendered /Users/edima/.tokaido/Gems/2.2.0/gems/railties-4.2.1/lib/rails/templates/rails/welcome/index.html.erb (6.3ms)
Completed 200 OK in 104ms (Views: 50.1ms | ActiveRecord: 0.0ms)


Started GET "/" for ::1 at 2018-04-12 10:37:51 -0400
Processing by WelcomeController#index as HTML
  Rendered welcome/index.html.erb within layouts/application (10.1ms)
Completed 200 OK in 2844ms (Views: 2795.4ms | ActiveRecord: 0.0ms)


Started GET "/assets/welcome.self-e3b0c44298fc1c149afbf4c8996fb92427ae41e4649b934ca495991b7852b855.css?body=1" for ::1 at 2018-04-12 10:37:55 -0400


Started GET "/assets/application.self-e80e8f2318043e8af94dddc2adad5a4f09739a8ebb323b3ab31cd71d45fd9113.css?body=1" for ::1 at 2018-04-12 10:37:55 -0400


Started GET "/assets/jquery_ujs.self-8e98a7a072a6cee1372d19fff9ff3e6aa1e39a37d89d6f06861637d061113ee7.js?body=1" for ::1 at 2018-04-12 10:37:55 -0400


Started GET "/assets/jquery.self-d03a5518f45df77341bdbe6201ba3bfa547ebba8ed64f0ea56bfa5f96ea7c074.js?body=1" for ::1 at 2018-04-12 10:37:55 -0400


Started GET "/assets/application.self-3b8dabdc891efe46b9a144b400ad69e37d7e5876bdc39dee783419a69d7ca819.js?body=1" for ::1 at 2018-04-12 10:37:55 -0400


Started GET "/assets/welcome.self-877aef30ae1b040ab8a3aba4e3e309a11d7f2612f44dde450b5c157aa5f95c05.js?body=1" for ::1 at 2018-04-12 10:37:55 -0400


Started GET "/assets/turbolinks.self-c37727e9bd6b2735da5c311aa83fead54ed0be6cc8bd9a65309e9c5abe2cbfff.js?body=1" for ::1 at 2018-04-12 10:37:55 -0400


Started GET "/articles/new" for ::1 at 2018-04-12 11:48:41 -0400

ActionController::RoutingError (No route matches [GET] "/articles/new"):
  actionpack (4.2.1) lib/action_dispatch/middleware/debug_exceptions.rb:21:in `call'
  web-console (2.1.2) lib/web_console/middleware.rb:37:in `call'
  actionpack (4.2.1) lib/action_dispatch/middleware/show_exceptions.rb:30:in `call'
  railties (4.2.1) lib/rails/rack/logger.rb:38:in `call_app'
  railties (4.2.1) lib/rails/rack/logger.rb:20:in `block in call'
  activesupport (4.2.1) lib/active_support/tagged_logging.rb:68:in `block in tagged'
  activesupport (4.2.1) lib/active_support/tagged_logging.rb:26:in `tagged'
  activesupport (4.2.1) lib/active_support/tagged_logging.rb:68:in `tagged'
  railties (4.2.1) lib/rails/rack/logger.rb:20:in `call'
  actionpack (4.2.1) lib/action_dispatch/middleware/request_id.rb:21:in `call'
  rack (1.6.0) lib/rack/methodoverride.rb:22:in `call'
  rack (1.6.0) lib/rack/runtime.rb:18:in `call'
  activesupport (4.2.1) lib/active_support/cache/strategy/local_cache_middleware.rb:28:in `call'
  rack (1.6.0) lib/rack/lock.rb:17:in `call'
  actionpack (4.2.1) lib/action_dispatch/middleware/static.rb:113:in `call'
  rack (1.6.0) lib/rack/sendfile.rb:113:in `call'
  railties (4.2.1) lib/rails/engine.rb:518:in `call'
  railties (4.2.1) lib/rails/application.rb:164:in `call'
  rack (1.6.0) lib/rack/lock.rb:17:in `call'
  rack (1.6.0) lib/rack/content_length.rb:15:in `call'
  rack (1.6.0) lib/rack/handler/webrick.rb:89:in `service'
  /Users/edima/.tokaido/Rubies/2.2.2-p95/lib/ruby/2.2.0/webrick/httpserver.rb:138:in `service'
  /Users/edima/.tokaido/Rubies/2.2.2-p95/lib/ruby/2.2.0/webrick/httpserver.rb:94:in `run'
  /Users/edima/.tokaido/Rubies/2.2.2-p95/lib/ruby/2.2.0/webrick/server.rb:294:in `block in start_thread'


  Rendered /Users/edima/.tokaido/Gems/2.2.0/gems/actionpack-4.2.1/lib/action_dispatch/middleware/templates/rescues/_trace.html.erb (3.5ms)
  Rendered /Users/edima/.tokaido/Gems/2.2.0/gems/actionpack-4.2.1/lib/action_dispatch/middleware/templates/routes/_route.html.erb (2.9ms)
  Rendered /Users/edima/.tokaido/Gems/2.2.0/gems/actionpack-4.2.1/lib/action_dispatch/middleware/templates/routes/_table.html.erb (14.6ms)
  Rendered /Users/edima/.tokaido/Gems/2.2.0/gems/actionpack-4.2.1/lib/action_dispatch/middleware/templates/rescues/_request_and_response.html.erb (69.9ms)
  Rendered /Users/edima/.tokaido/Gems/2.2.0/gems/actionpack-4.2.1/lib/action_dispatch/middleware/templates/rescues/routing_error.html.erb within rescues/layout (273.9ms)
  Rendered /Users/edima/.tokaido/Gems/2.2.0/gems/web-console-2.1.2/lib/web_console/templates/_markup.html.erb (0.7ms)
  Rendered /Users/edima/.tokaido/Gems/2.2.0/gems/web-console-2.1.2/lib/web_console/templates/style.css.erb within layouts/inlined_string (0.6ms)
  Rendered /Users/edima/.tokaido/Gems/2.2.0/gems/web-console-2.1.2/lib/web_console/templates/_inner_console_markup.html.erb within layouts/inlined_string (0.9ms)
  Rendered /Users/edima/.tokaido/Gems/2.2.0/gems/web-console-2.1.2/lib/web_console/templates/_prompt_box_markup.html.erb within layouts/inlined_string (0.6ms)
  Rendered /Users/edima/.tokaido/Gems/2.2.0/gems/web-console-2.1.2/lib/web_console/templates/console.js.erb within layouts/javascript (118.7ms)
  Rendered /Users/edima/.tokaido/Gems/2.2.0/gems/web-console-2.1.2/lib/web_console/templates/main.js.erb within layouts/javascript (0.7ms)
  Rendered /Users/edima/.tokaido/Gems/2.2.0/gems/web-console-2.1.2/lib/web_console/templates/error_page.js.erb within layouts/javascript (1.4ms)
  Rendered /Users/edima/.tokaido/Gems/2.2.0/gems/web-console-2.1.2/lib/web_console/templates/index.html.erb (268.0ms)


Started GET "/articles/new" for ::1 at 2018-04-12 11:48:47 -0400

ActionController::RoutingError (No route matches [GET] "/articles/new"):
  actionpack (4.2.1) lib/action_dispatch/middleware/debug_exceptions.rb:21:in `call'
  web-console (2.1.2) lib/web_console/middleware.rb:37:in `call'
  actionpack (4.2.1) lib/action_dispatch/middleware/show_exceptions.rb:30:in `call'
  railties (4.2.1) lib/rails/rack/logger.rb:38:in `call_app'
  railties (4.2.1) lib/rails/rack/logger.rb:20:in `block in call'
  activesupport (4.2.1) lib/active_support/tagged_logging.rb:68:in `block in tagged'
  activesupport (4.2.1) lib/active_support/tagged_logging.rb:26:in `tagged'
  activesupport (4.2.1) lib/active_support/tagged_logging.rb:68:in `tagged'
  railties (4.2.1) lib/rails/rack/logger.rb:20:in `call'
  actionpack (4.2.1) lib/action_dispatch/middleware/request_id.rb:21:in `call'
  rack (1.6.0) lib/rack/methodoverride.rb:22:in `call'
  rack (1.6.0) lib/rack/runtime.rb:18:in `call'
  activesupport (4.2.1) lib/active_support/cache/strategy/local_cache_middleware.rb:28:in `call'
  rack (1.6.0) lib/rack/lock.rb:17:in `call'
  actionpack (4.2.1) lib/action_dispatch/middleware/static.rb:113:in `call'
  rack (1.6.0) lib/rack/sendfile.rb:113:in `call'
  railties (4.2.1) lib/rails/engine.rb:518:in `call'
  railties (4.2.1) lib/rails/application.rb:164:in `call'
  rack (1.6.0) lib/rack/lock.rb:17:in `call'
  rack (1.6.0) lib/rack/content_length.rb:15:in `call'
  rack (1.6.0) lib/rack/handler/webrick.rb:89:in `service'
  /Users/edima/.tokaido/Rubies/2.2.2-p95/lib/ruby/2.2.0/webrick/httpserver.rb:138:in `service'
  /Users/edima/.tokaido/Rubies/2.2.2-p95/lib/ruby/2.2.0/webrick/httpserver.rb:94:in `run'
  /Users/edima/.tokaido/Rubies/2.2.2-p95/lib/ruby/2.2.0/webrick/server.rb:294:in `block in start_thread'


  Rendered /Users/edima/.tokaido/Gems/2.2.0/gems/actionpack-4.2.1/lib/action_dispatch/middleware/templates/rescues/_trace.html.erb (7.9ms)
  Rendered /Users/edima/.tokaido/Gems/2.2.0/gems/actionpack-4.2.1/lib/action_dispatch/middleware/templates/routes/_route.html.erb (2.6ms)
  Rendered /Users/edima/.tokaido/Gems/2.2.0/gems/actionpack-4.2.1/lib/action_dispatch/middleware/templates/routes/_table.html.erb (3.2ms)
  Rendered /Users/edima/.tokaido/Gems/2.2.0/gems/actionpack-4.2.1/lib/action_dispatch/middleware/templates/rescues/_request_and_response.html.erb (2.9ms)
  Rendered /Users/edima/.tokaido/Gems/2.2.0/gems/actionpack-4.2.1/lib/action_dispatch/middleware/templates/rescues/routing_error.html.erb within rescues/layout (249.4ms)
  Rendered /Users/edima/.tokaido/Gems/2.2.0/gems/web-console-2.1.2/lib/web_console/templates/_markup.html.erb (0.7ms)
  Rendered /Users/edima/.tokaido/Gems/2.2.0/gems/web-console-2.1.2/lib/web_console/templates/style.css.erb within layouts/inlined_string (0.6ms)
  Rendered /Users/edima/.tokaido/Gems/2.2.0/gems/web-console-2.1.2/lib/web_console/templates/_inner_console_markup.html.erb within layouts/inlined_string (0.6ms)
  Rendered /Users/edima/.tokaido/Gems/2.2.0/gems/web-console-2.1.2/lib/web_console/templates/_prompt_box_markup.html.erb within layouts/inlined_string (0.6ms)
  Rendered /Users/edima/.tokaido/Gems/2.2.0/gems/web-console-2.1.2/lib/web_console/templates/console.js.erb within layouts/javascript (127.4ms)
  Rendered /Users/edima/.tokaido/Gems/2.2.0/gems/web-console-2.1.2/lib/web_console/templates/main.js.erb within layouts/javascript (0.7ms)
  Rendered /Users/edima/.tokaido/Gems/2.2.0/gems/web-console-2.1.2/lib/web_console/templates/error_page.js.erb within layouts/javascript (1.0ms)
  Rendered /Users/edima/.tokaido/Gems/2.2.0/gems/web-console-2.1.2/lib/web_console/templates/index.html.erb (294.3ms)


Started GET "/articles/new" for ::1 at 2018-04-12 11:49:03 -0400

ActionController::RoutingError (No route matches [GET] "/articles/new"):
  actionpack (4.2.1) lib/action_dispatch/middleware/debug_exceptions.rb:21:in `call'
  web-console (2.1.2) lib/web_console/middleware.rb:37:in `call'
  actionpack (4.2.1) lib/action_dispatch/middleware/show_exceptions.rb:30:in `call'
  railties (4.2.1) lib/rails/rack/logger.rb:38:in `call_app'
  railties (4.2.1) lib/rails/rack/logger.rb:20:in `block in call'
  activesupport (4.2.1) lib/active_support/tagged_logging.rb:68:in `block in tagged'
  activesupport (4.2.1) lib/active_support/tagged_logging.rb:26:in `tagged'
  activesupport (4.2.1) lib/active_support/tagged_logging.rb:68:in `tagged'
  railties (4.2.1) lib/rails/rack/logger.rb:20:in `call'
  actionpack (4.2.1) lib/action_dispatch/middleware/request_id.rb:21:in `call'
  rack (1.6.0) lib/rack/methodoverride.rb:22:in `call'
  rack (1.6.0) lib/rack/runtime.rb:18:in `call'
  activesupport (4.2.1) lib/active_support/cache/strategy/local_cache_middleware.rb:28:in `call'
  rack (1.6.0) lib/rack/lock.rb:17:in `call'
  actionpack (4.2.1) lib/action_dispatch/middleware/static.rb:113:in `call'
  rack (1.6.0) lib/rack/sendfile.rb:113:in `call'
  railties (4.2.1) lib/rails/engine.rb:518:in `call'
  railties (4.2.1) lib/rails/application.rb:164:in `call'
  rack (1.6.0) lib/rack/lock.rb:17:in `call'
  rack (1.6.0) lib/rack/content_length.rb:15:in `call'
  rack (1.6.0) lib/rack/handler/webrick.rb:89:in `service'
  /Users/edima/.tokaido/Rubies/2.2.2-p95/lib/ruby/2.2.0/webrick/httpserver.rb:138:in `service'
  /Users/edima/.tokaido/Rubies/2.2.2-p95/lib/ruby/2.2.0/webrick/httpserver.rb:94:in `run'
  /Users/edima/.tokaido/Rubies/2.2.2-p95/lib/ruby/2.2.0/webrick/server.rb:294:in `block in start_thread'


  Rendered /Users/edima/.tokaido/Gems/2.2.0/gems/actionpack-4.2.1/lib/action_dispatch/middleware/templates/rescues/_trace.html.erb (6.9ms)
  Rendered /Users/edima/.tokaido/Gems/2.2.0/gems/actionpack-4.2.1/lib/action_dispatch/middleware/templates/routes/_route.html.erb (3.8ms)
  Rendered /Users/edima/.tokaido/Gems/2.2.0/gems/actionpack-4.2.1/lib/action_dispatch/middleware/templates/routes/_table.html.erb (2.8ms)
  Rendered /Users/edima/.tokaido/Gems/2.2.0/gems/actionpack-4.2.1/lib/action_dispatch/middleware/templates/rescues/_request_and_response.html.erb (3.7ms)
  Rendered /Users/edima/.tokaido/Gems/2.2.0/gems/actionpack-4.2.1/lib/action_dispatch/middleware/templates/rescues/routing_error.html.erb within rescues/layout (227.7ms)
  Rendered /Users/edima/.tokaido/Gems/2.2.0/gems/web-console-2.1.2/lib/web_console/templates/_markup.html.erb (0.7ms)
  Rendered /Users/edima/.tokaido/Gems/2.2.0/gems/web-console-2.1.2/lib/web_console/templates/style.css.erb within layouts/inlined_string (0.8ms)
  Rendered /Users/edima/.tokaido/Gems/2.2.0/gems/web-console-2.1.2/lib/web_console/templates/_inner_console_markup.html.erb within layouts/inlined_string (0.9ms)
  Rendered /Users/edima/.tokaido/Gems/2.2.0/gems/web-console-2.1.2/lib/web_console/templates/_prompt_box_markup.html.erb within layouts/inlined_string (1.1ms)
  Rendered /Users/edima/.tokaido/Gems/2.2.0/gems/web-console-2.1.2/lib/web_console/templates/console.js.erb within layouts/javascript (122.3ms)
  Rendered /Users/edima/.tokaido/Gems/2.2.0/gems/web-console-2.1.2/lib/web_console/templates/main.js.erb within layouts/javascript (0.7ms)
  Rendered /Users/edima/.tokaido/Gems/2.2.0/gems/web-console-2.1.2/lib/web_console/templates/error_page.js.erb within layouts/javascript (0.9ms)
  Rendered /Users/edima/.tokaido/Gems/2.2.0/gems/web-console-2.1.2/lib/web_console/templates/index.html.erb (270.8ms)


Started GET "/articles/new" for ::1 at 2018-04-12 11:50:54 -0400

ActionController::RoutingError (No route matches [GET] "/articles/new"):
  actionpack (4.2.1) lib/action_dispatch/middleware/debug_exceptions.rb:21:in `call'
  web-console (2.1.2) lib/web_console/middleware.rb:37:in `call'
  actionpack (4.2.1) lib/action_dispatch/middleware/show_exceptions.rb:30:in `call'
  railties (4.2.1) lib/rails/rack/logger.rb:38:in `call_app'
  railties (4.2.1) lib/rails/rack/logger.rb:20:in `block in call'
  activesupport (4.2.1) lib/active_support/tagged_logging.rb:68:in `block in tagged'
  activesupport (4.2.1) lib/active_support/tagged_logging.rb:26:in `tagged'
  activesupport (4.2.1) lib/active_support/tagged_logging.rb:68:in `tagged'
  railties (4.2.1) lib/rails/rack/logger.rb:20:in `call'
  actionpack (4.2.1) lib/action_dispatch/middleware/request_id.rb:21:in `call'
  rack (1.6.0) lib/rack/methodoverride.rb:22:in `call'
  rack (1.6.0) lib/rack/runtime.rb:18:in `call'
  activesupport (4.2.1) lib/active_support/cache/strategy/local_cache_middleware.rb:28:in `call'
  rack (1.6.0) lib/rack/lock.rb:17:in `call'
  actionpack (4.2.1) lib/action_dispatch/middleware/static.rb:113:in `call'
  rack (1.6.0) lib/rack/sendfile.rb:113:in `call'
  railties (4.2.1) lib/rails/engine.rb:518:in `call'
  railties (4.2.1) lib/rails/application.rb:164:in `call'
  rack (1.6.0) lib/rack/lock.rb:17:in `call'
  rack (1.6.0) lib/rack/content_length.rb:15:in `call'
  rack (1.6.0) lib/rack/handler/webrick.rb:89:in `service'
  /Users/edima/.tokaido/Rubies/2.2.2-p95/lib/ruby/2.2.0/webrick/httpserver.rb:138:in `service'
  /Users/edima/.tokaido/Rubies/2.2.2-p95/lib/ruby/2.2.0/webrick/httpserver.rb:94:in `run'
  /Users/edima/.tokaido/Rubies/2.2.2-p95/lib/ruby/2.2.0/webrick/server.rb:294:in `block in start_thread'


  Rendered /Users/edima/.tokaido/Gems/2.2.0/gems/actionpack-4.2.1/lib/action_dispatch/middleware/templates/rescues/_trace.html.erb (7.3ms)
  Rendered /Users/edima/.tokaido/Gems/2.2.0/gems/actionpack-4.2.1/lib/action_dispatch/middleware/templates/routes/_route.html.erb (1.9ms)
  Rendered /Users/edima/.tokaido/Gems/2.2.0/gems/actionpack-4.2.1/lib/action_dispatch/middleware/templates/routes/_table.html.erb (3.0ms)
  Rendered /Users/edima/.tokaido/Gems/2.2.0/gems/actionpack-4.2.1/lib/action_dispatch/middleware/templates/rescues/_request_and_response.html.erb (2.7ms)
  Rendered /Users/edima/.tokaido/Gems/2.2.0/gems/actionpack-4.2.1/lib/action_dispatch/middleware/templates/rescues/routing_error.html.erb within rescues/layout (243.6ms)
  Rendered /Users/edima/.tokaido/Gems/2.2.0/gems/web-console-2.1.2/lib/web_console/templates/_markup.html.erb (0.8ms)
  Rendered /Users/edima/.tokaido/Gems/2.2.0/gems/web-console-2.1.2/lib/web_console/templates/style.css.erb within layouts/inlined_string (1.1ms)
  Rendered /Users/edima/.tokaido/Gems/2.2.0/gems/web-console-2.1.2/lib/web_console/templates/_inner_console_markup.html.erb within layouts/inlined_string (0.6ms)
  Rendered /Users/edima/.tokaido/Gems/2.2.0/gems/web-console-2.1.2/lib/web_console/templates/_prompt_box_markup.html.erb within layouts/inlined_string (1.1ms)
  Rendered /Users/edima/.tokaido/Gems/2.2.0/gems/web-console-2.1.2/lib/web_console/templates/console.js.erb within layouts/javascript (128.7ms)
  Rendered /Users/edima/.tokaido/Gems/2.2.0/gems/web-console-2.1.2/lib/web_console/templates/main.js.erb within layouts/javascript (0.7ms)
  Rendered /Users/edima/.tokaido/Gems/2.2.0/gems/web-console-2.1.2/lib/web_console/templates/error_page.js.erb within layouts/javascript (1.3ms)
  Rendered /Users/edima/.tokaido/Gems/2.2.0/gems/web-console-2.1.2/lib/web_console/templates/index.html.erb (274.1ms)


Started GET "/articles/new" for ::1 at 2018-04-12 12:45:52 -0400

ActionController::RoutingError (No route matches [GET] "/articles/new"):
  actionpack (4.2.1) lib/action_dispatch/middleware/debug_exceptions.rb:21:in `call'
  web-console (2.1.2) lib/web_console/middleware.rb:37:in `call'
  actionpack (4.2.1) lib/action_dispatch/middleware/show_exceptions.rb:30:in `call'
  railties (4.2.1) lib/rails/rack/logger.rb:38:in `call_app'
  railties (4.2.1) lib/rails/rack/logger.rb:20:in `block in call'
  activesupport (4.2.1) lib/active_support/tagged_logging.rb:68:in `block in tagged'
  activesupport (4.2.1) lib/active_support/tagged_logging.rb:26:in `tagged'
  activesupport (4.2.1) lib/active_support/tagged_logging.rb:68:in `tagged'
  railties (4.2.1) lib/rails/rack/logger.rb:20:in `call'
  actionpack (4.2.1) lib/action_dispatch/middleware/request_id.rb:21:in `call'
  rack (1.6.0) lib/rack/methodoverride.rb:22:in `call'
  rack (1.6.0) lib/rack/runtime.rb:18:in `call'
  activesupport (4.2.1) lib/active_support/cache/strategy/local_cache_middleware.rb:28:in `call'
  rack (1.6.0) lib/rack/lock.rb:17:in `call'
  actionpack (4.2.1) lib/action_dispatch/middleware/static.rb:113:in `call'
  rack (1.6.0) lib/rack/sendfile.rb:113:in `call'
  railties (4.2.1) lib/rails/engine.rb:518:in `call'
  railties (4.2.1) lib/rails/application.rb:164:in `call'
  rack (1.6.0) lib/rack/lock.rb:17:in `call'
  rack (1.6.0) lib/rack/content_length.rb:15:in `call'
  rack (1.6.0) lib/rack/handler/webrick.rb:89:in `service'
  /Users/edima/.tokaido/Rubies/2.2.2-p95/lib/ruby/2.2.0/webrick/httpserver.rb:138:in `service'
  /Users/edima/.tokaido/Rubies/2.2.2-p95/lib/ruby/2.2.0/webrick/httpserver.rb:94:in `run'
  /Users/edima/.tokaido/Rubies/2.2.2-p95/lib/ruby/2.2.0/webrick/server.rb:294:in `block in start_thread'


  Rendered /Users/edima/.tokaido/Gems/2.2.0/gems/actionpack-4.2.1/lib/action_dispatch/middleware/templates/rescues/_trace.html.erb (6.9ms)
  Rendered /Users/edima/.tokaido/Gems/2.2.0/gems/actionpack-4.2.1/lib/action_dispatch/middleware/templates/routes/_route.html.erb (3.0ms)
  Rendered /Users/edima/.tokaido/Gems/2.2.0/gems/actionpack-4.2.1/lib/action_dispatch/middleware/templates/routes/_table.html.erb (6.0ms)
  Rendered /Users/edima/.tokaido/Gems/2.2.0/gems/actionpack-4.2.1/lib/action_dispatch/middleware/templates/rescues/_request_and_response.html.erb (7.9ms)
  Rendered /Users/edima/.tokaido/Gems/2.2.0/gems/actionpack-4.2.1/lib/action_dispatch/middleware/templates/rescues/routing_error.html.erb within rescues/layout (208.9ms)
  Rendered /Users/edima/.tokaido/Gems/2.2.0/gems/web-console-2.1.2/lib/web_console/templates/_markup.html.erb (1.0ms)
  Rendered /Users/edima/.tokaido/Gems/2.2.0/gems/web-console-2.1.2/lib/web_console/templates/style.css.erb within layouts/inlined_string (0.8ms)
  Rendered /Users/edima/.tokaido/Gems/2.2.0/gems/web-console-2.1.2/lib/web_console/templates/_inner_console_markup.html.erb within layouts/inlined_string (0.8ms)
  Rendered /Users/edima/.tokaido/Gems/2.2.0/gems/web-console-2.1.2/lib/web_console/templates/_prompt_box_markup.html.erb within layouts/inlined_string (0.7ms)
  Rendered /Users/edima/.tokaido/Gems/2.2.0/gems/web-console-2.1.2/lib/web_console/templates/console.js.erb within layouts/javascript (139.4ms)
  Rendered /Users/edima/.tokaido/Gems/2.2.0/gems/web-console-2.1.2/lib/web_console/templates/main.js.erb within layouts/javascript (1.4ms)
  Rendered /Users/edima/.tokaido/Gems/2.2.0/gems/web-console-2.1.2/lib/web_console/templates/error_page.js.erb within layouts/javascript (1.1ms)
  Rendered /Users/edima/.tokaido/Gems/2.2.0/gems/web-console-2.1.2/lib/web_console/templates/index.html.erb (310.5ms)


Started GET "/articles/new" for ::1 at 2018-04-12 12:48:37 -0400

ActionController::RoutingError (No route matches [GET] "/articles/new"):
  actionpack (4.2.1) lib/action_dispatch/middleware/debug_exceptions.rb:21:in `call'
  web-console (2.1.2) lib/web_console/middleware.rb:37:in `call'
  actionpack (4.2.1) lib/action_dispatch/middleware/show_exceptions.rb:30:in `call'
  railties (4.2.1) lib/rails/rack/logger.rb:38:in `call_app'
  railties (4.2.1) lib/rails/rack/logger.rb:20:in `block in call'
  activesupport (4.2.1) lib/active_support/tagged_logging.rb:68:in `block in tagged'
  activesupport (4.2.1) lib/active_support/tagged_logging.rb:26:in `tagged'
  activesupport (4.2.1) lib/active_support/tagged_logging.rb:68:in `tagged'
  railties (4.2.1) lib/rails/rack/logger.rb:20:in `call'
  actionpack (4.2.1) lib/action_dispatch/middleware/request_id.rb:21:in `call'
  rack (1.6.0) lib/rack/methodoverride.rb:22:in `call'
  rack (1.6.0) lib/rack/runtime.rb:18:in `call'
  activesupport (4.2.1) lib/active_support/cache/strategy/local_cache_middleware.rb:28:in `call'
  rack (1.6.0) lib/rack/lock.rb:17:in `call'
  actionpack (4.2.1) lib/action_dispatch/middleware/static.rb:113:in `call'
  rack (1.6.0) lib/rack/sendfile.rb:113:in `call'
  railties (4.2.1) lib/rails/engine.rb:518:in `call'
  railties (4.2.1) lib/rails/application.rb:164:in `call'
  rack (1.6.0) lib/rack/lock.rb:17:in `call'
  rack (1.6.0) lib/rack/content_length.rb:15:in `call'
  rack (1.6.0) lib/rack/handler/webrick.rb:89:in `service'
  /Users/edima/.tokaido/Rubies/2.2.2-p95/lib/ruby/2.2.0/webrick/httpserver.rb:138:in `service'
  /Users/edima/.tokaido/Rubies/2.2.2-p95/lib/ruby/2.2.0/webrick/httpserver.rb:94:in `run'
  /Users/edima/.tokaido/Rubies/2.2.2-p95/lib/ruby/2.2.0/webrick/server.rb:294:in `block in start_thread'


  Rendered /Users/edima/.tokaido/Gems/2.2.0/gems/actionpack-4.2.1/lib/action_dispatch/middleware/templates/rescues/_trace.html.erb (3.3ms)
  Rendered /Users/edima/.tokaido/Gems/2.2.0/gems/actionpack-4.2.1/lib/action_dispatch/middleware/templates/routes/_route.html.erb (1.6ms)
  Rendered /Users/edima/.tokaido/Gems/2.2.0/gems/actionpack-4.2.1/lib/action_dispatch/middleware/templates/routes/_table.html.erb (15.3ms)
  Rendered /Users/edima/.tokaido/Gems/2.2.0/gems/actionpack-4.2.1/lib/action_dispatch/middleware/templates/rescues/_request_and_response.html.erb (22.9ms)
  Rendered /Users/edima/.tokaido/Gems/2.2.0/gems/actionpack-4.2.1/lib/action_dispatch/middleware/templates/rescues/routing_error.html.erb within rescues/layout (206.2ms)
  Rendered /Users/edima/.tokaido/Gems/2.2.0/gems/web-console-2.1.2/lib/web_console/templates/_markup.html.erb (0.8ms)
  Rendered /Users/edima/.tokaido/Gems/2.2.0/gems/web-console-2.1.2/lib/web_console/templates/style.css.erb within layouts/inlined_string (1.1ms)
  Rendered /Users/edima/.tokaido/Gems/2.2.0/gems/web-console-2.1.2/lib/web_console/templates/_inner_console_markup.html.erb within layouts/inlined_string (1.1ms)
  Rendered /Users/edima/.tokaido/Gems/2.2.0/gems/web-console-2.1.2/lib/web_console/templates/_prompt_box_markup.html.erb within layouts/inlined_string (0.6ms)
  Rendered /Users/edima/.tokaido/Gems/2.2.0/gems/web-console-2.1.2/lib/web_console/templates/console.js.erb within layouts/javascript (119.5ms)
  Rendered /Users/edima/.tokaido/Gems/2.2.0/gems/web-console-2.1.2/lib/web_console/templates/main.js.erb within layouts/javascript (0.9ms)
  Rendered /Users/edima/.tokaido/Gems/2.2.0/gems/web-console-2.1.2/lib/web_console/templates/error_page.js.erb within layouts/javascript (1.0ms)
  Rendered /Users/edima/.tokaido/Gems/2.2.0/gems/web-console-2.1.2/lib/web_console/templates/index.html.erb (277.1ms)


Started GET "/articles/new" for ::1 at 2018-04-12 12:49:42 -0400

ActionController::RoutingError (No route matches [GET] "/articles/new"):
  actionpack (4.2.1) lib/action_dispatch/middleware/debug_exceptions.rb:21:in `call'
  web-console (2.1.2) lib/web_console/middleware.rb:37:in `call'
  actionpack (4.2.1) lib/action_dispatch/middleware/show_exceptions.rb:30:in `call'
  railties (4.2.1) lib/rails/rack/logger.rb:38:in `call_app'
  railties (4.2.1) lib/rails/rack/logger.rb:20:in `block in call'
  activesupport (4.2.1) lib/active_support/tagged_logging.rb:68:in `block in tagged'
  activesupport (4.2.1) lib/active_support/tagged_logging.rb:26:in `tagged'
  activesupport (4.2.1) lib/active_support/tagged_logging.rb:68:in `tagged'
  railties (4.2.1) lib/rails/rack/logger.rb:20:in `call'
  actionpack (4.2.1) lib/action_dispatch/middleware/request_id.rb:21:in `call'
  rack (1.6.0) lib/rack/methodoverride.rb:22:in `call'
  rack (1.6.0) lib/rack/runtime.rb:18:in `call'
  activesupport (4.2.1) lib/active_support/cache/strategy/local_cache_middleware.rb:28:in `call'
  rack (1.6.0) lib/rack/lock.rb:17:in `call'
  actionpack (4.2.1) lib/action_dispatch/middleware/static.rb:113:in `call'
  rack (1.6.0) lib/rack/sendfile.rb:113:in `call'
  railties (4.2.1) lib/rails/engine.rb:518:in `call'
  railties (4.2.1) lib/rails/application.rb:164:in `call'
  rack (1.6.0) lib/rack/lock.rb:17:in `call'
  rack (1.6.0) lib/rack/content_length.rb:15:in `call'
  rack (1.6.0) lib/rack/handler/webrick.rb:89:in `service'
  /Users/edima/.tokaido/Rubies/2.2.2-p95/lib/ruby/2.2.0/webrick/httpserver.rb:138:in `service'
  /Users/edima/.tokaido/Rubies/2.2.2-p95/lib/ruby/2.2.0/webrick/httpserver.rb:94:in `run'
  /Users/edima/.tokaido/Rubies/2.2.2-p95/lib/ruby/2.2.0/webrick/server.rb:294:in `block in start_thread'


  Rendered /Users/edima/.tokaido/Gems/2.2.0/gems/actionpack-4.2.1/lib/action_dispatch/middleware/templates/rescues/_trace.html.erb (5.8ms)
  Rendered /Users/edima/.tokaido/Gems/2.2.0/gems/actionpack-4.2.1/lib/action_dispatch/middleware/templates/routes/_route.html.erb (1.6ms)
  Rendered /Users/edima/.tokaido/Gems/2.2.0/gems/actionpack-4.2.1/lib/action_dispatch/middleware/templates/routes/_table.html.erb (4.0ms)
  Rendered /Users/edima/.tokaido/Gems/2.2.0/gems/actionpack-4.2.1/lib/action_dispatch/middleware/templates/rescues/_request_and_response.html.erb (3.2ms)
  Rendered /Users/edima/.tokaido/Gems/2.2.0/gems/actionpack-4.2.1/lib/action_dispatch/middleware/templates/rescues/routing_error.html.erb within rescues/layout (201.3ms)
  Rendered /Users/edima/.tokaido/Gems/2.2.0/gems/web-console-2.1.2/lib/web_console/templates/_markup.html.erb (1.4ms)
  Rendered /Users/edima/.tokaido/Gems/2.2.0/gems/web-console-2.1.2/lib/web_console/templates/style.css.erb within layouts/inlined_string (0.9ms)
  Rendered /Users/edima/.tokaido/Gems/2.2.0/gems/web-console-2.1.2/lib/web_console/templates/_inner_console_markup.html.erb within layouts/inlined_string (0.7ms)
  Rendered /Users/edima/.tokaido/Gems/2.2.0/gems/web-console-2.1.2/lib/web_console/templates/_prompt_box_markup.html.erb within layouts/inlined_string (0.9ms)
  Rendered /Users/edima/.tokaido/Gems/2.2.0/gems/web-console-2.1.2/lib/web_console/templates/console.js.erb within layouts/javascript (109.2ms)
  Rendered /Users/edima/.tokaido/Gems/2.2.0/gems/web-console-2.1.2/lib/web_console/templates/main.js.erb within layouts/javascript (0.7ms)
  Rendered /Users/edima/.tokaido/Gems/2.2.0/gems/web-console-2.1.2/lib/web_console/templates/error_page.js.erb within layouts/javascript (0.8ms)
  Rendered /Users/edima/.tokaido/Gems/2.2.0/gems/web-console-2.1.2/lib/web_console/templates/index.html.erb (245.0ms)


Started GET "/articles/new" for ::1 at 2018-04-12 12:50:34 -0400
Processing by ArticlesController#new as HTML
  Rendered articles/new.html.erb within layouts/application (0.6ms)
Completed 200 OK in 1305ms (Views: 1303.6ms | ActiveRecord: 0.0ms)


Started GET "/assets/articles.self-e3b0c44298fc1c149afbf4c8996fb92427ae41e4649b934ca495991b7852b855.css?body=1" for ::1 at 2018-04-12 12:50:36 -0400


Started GET "/assets/welcome.self-e3b0c44298fc1c149afbf4c8996fb92427ae41e4649b934ca495991b7852b855.css?body=1" for ::1 at 2018-04-12 12:50:36 -0400


Started GET "/assets/application.self-e80e8f2318043e8af94dddc2adad5a4f09739a8ebb323b3ab31cd71d45fd9113.css?body=1" for ::1 at 2018-04-12 12:50:36 -0400


Started GET "/assets/articles.self-877aef30ae1b040ab8a3aba4e3e309a11d7f2612f44dde450b5c157aa5f95c05.js?body=1" for ::1 at 2018-04-12 12:50:36 -0400


Started GET "/assets/welcome.self-877aef30ae1b040ab8a3aba4e3e309a11d7f2612f44dde450b5c157aa5f95c05.js?body=1" for ::1 at 2018-04-12 12:50:36 -0400


Started GET "/assets/application.self-3b8dabdc891efe46b9a144b400ad69e37d7e5876bdc39dee783419a69d7ca819.js?body=1" for ::1 at 2018-04-12 12:50:36 -0400


Started GET "/articles/new" for ::1 at 2018-04-12 12:50:55 -0400
Processing by ArticlesController#new as HTML
  Rendered articles/new.html.erb within layouts/application (0.1ms)
Completed 200 OK in 223ms (Views: 222.3ms | ActiveRecord: 0.0ms)


Started GET "/articles/new" for ::1 at 2018-04-12 12:54:47 -0400
Processing by ArticlesController#new as HTML
  Rendered articles/new.html.erb within layouts/application (42.4ms)
Completed 500 Internal Server Error in 60ms (ActiveRecord: 0.0ms)

ActionView::Template::Error (undefined method `form_with' for #<#<Class:0x007fc93daab4b0>:0x007fc93daaaad8>):
    1: <h1>New Article</h1>
    2: 
    3: <%= form_with scope: :article, local: true do |form| %>
    4:   <p>
    5:     <%= form.label :title %><br>
    6:     <%= form.text_field :title %>
  app/views/articles/new.html.erb:3:in `_app_views_articles_new_html_erb__632316817427909865_70251149872220'


  Rendered /Users/edima/.tokaido/Gems/2.2.0/gems/actionpack-4.2.1/lib/action_dispatch/middleware/templates/rescues/_source.erb (21.8ms)
  Rendered /Users/edima/.tokaido/Gems/2.2.0/gems/actionpack-4.2.1/lib/action_dispatch/middleware/templates/rescues/_trace.html.erb (7.1ms)
  Rendered /Users/edima/.tokaido/Gems/2.2.0/gems/actionpack-4.2.1/lib/action_dispatch/middleware/templates/rescues/_request_and_response.html.erb (1.9ms)
  Rendered /Users/edima/.tokaido/Gems/2.2.0/gems/actionpack-4.2.1/lib/action_dispatch/middleware/templates/rescues/template_error.html.erb within rescues/layout (154.6ms)
  Rendered /Users/edima/.tokaido/Gems/2.2.0/gems/web-console-2.1.2/lib/web_console/templates/_markup.html.erb (0.7ms)
  Rendered /Users/edima/.tokaido/Gems/2.2.0/gems/web-console-2.1.2/lib/web_console/templates/style.css.erb within layouts/inlined_string (0.8ms)
  Rendered /Users/edima/.tokaido/Gems/2.2.0/gems/web-console-2.1.2/lib/web_console/templates/_inner_console_markup.html.erb within layouts/inlined_string (0.8ms)
  Rendered /Users/edima/.tokaido/Gems/2.2.0/gems/web-console-2.1.2/lib/web_console/templates/_prompt_box_markup.html.erb within layouts/inlined_string (0.6ms)
  Rendered /Users/edima/.tokaido/Gems/2.2.0/gems/web-console-2.1.2/lib/web_console/templates/console.js.erb within layouts/javascript (116.7ms)
  Rendered /Users/edima/.tokaido/Gems/2.2.0/gems/web-console-2.1.2/lib/web_console/templates/main.js.erb within layouts/javascript (0.8ms)
  Rendered /Users/edima/.tokaido/Gems/2.2.0/gems/web-console-2.1.2/lib/web_console/templates/error_page.js.erb within layouts/javascript (0.9ms)
  Rendered /Users/edima/.tokaido/Gems/2.2.0/gems/web-console-2.1.2/lib/web_console/templates/index.html.erb (257.8ms)


Started GET "/articles/new" for ::1 at 2018-04-12 12:56:25 -0400
Processing by ArticlesController#new as HTML
  Rendered articles/new.html.erb within layouts/application (25.1ms)
Completed 500 Internal Server Error in 36ms (ActiveRecord: 0.0ms)

ActionView::Template::Error (undefined local variable or method `articles_path' for #<#<Class:0x007fc93daab4b0>:0x007fc939ce25e8>):
    1: <h1>New Article</h1>
    2: 
    3: <%= form_with scope: :article, url: articles_path, local: true do |form| %>
    4:   <p>
    5:     <%= form.label :title %><br>
    6:     <%= form.text_field :title %>
  app/views/articles/new.html.erb:3:in `_app_views_articles_new_html_erb__632316817427909865_70251152096560'


  Rendered /Users/edima/.tokaido/Gems/2.2.0/gems/actionpack-4.2.1/lib/action_dispatch/middleware/templates/rescues/_source.erb (26.3ms)
  Rendered /Users/edima/.tokaido/Gems/2.2.0/gems/actionpack-4.2.1/lib/action_dispatch/middleware/templates/rescues/_trace.html.erb (11.0ms)
  Rendered /Users/edima/.tokaido/Gems/2.2.0/gems/actionpack-4.2.1/lib/action_dispatch/middleware/templates/rescues/_request_and_response.html.erb (1.9ms)
  Rendered /Users/edima/.tokaido/Gems/2.2.0/gems/actionpack-4.2.1/lib/action_dispatch/middleware/templates/rescues/template_error.html.erb within rescues/layout (157.7ms)
  Rendered /Users/edima/.tokaido/Gems/2.2.0/gems/web-console-2.1.2/lib/web_console/templates/_markup.html.erb (0.7ms)
  Rendered /Users/edima/.tokaido/Gems/2.2.0/gems/web-console-2.1.2/lib/web_console/templates/style.css.erb within layouts/inlined_string (0.7ms)
  Rendered /Users/edima/.tokaido/Gems/2.2.0/gems/web-console-2.1.2/lib/web_console/templates/_inner_console_markup.html.erb within layouts/inlined_string (0.6ms)
  Rendered /Users/edima/.tokaido/Gems/2.2.0/gems/web-console-2.1.2/lib/web_console/templates/_prompt_box_markup.html.erb within layouts/inlined_string (0.7ms)
  Rendered /Users/edima/.tokaido/Gems/2.2.0/gems/web-console-2.1.2/lib/web_console/templates/console.js.erb within layouts/javascript (135.5ms)
  Rendered /Users/edima/.tokaido/Gems/2.2.0/gems/web-console-2.1.2/lib/web_console/templates/main.js.erb within layouts/javascript (1.0ms)
  Rendered /Users/edima/.tokaido/Gems/2.2.0/gems/web-console-2.1.2/lib/web_console/templates/error_page.js.erb within layouts/javascript (0.9ms)
  Rendered /Users/edima/.tokaido/Gems/2.2.0/gems/web-console-2.1.2/lib/web_console/templates/index.html.erb (276.3ms)


Started GET "/articles/new" for ::1 at 2018-04-12 12:57:38 -0400
Processing by ArticlesController#new as HTML
  Rendered articles/new.html.erb within layouts/application (24.4ms)
Completed 500 Internal Server Error in 68ms (ActiveRecord: 0.0ms)

ActionView::Template::Error (undefined method `form_with' for #<#<Class:0x007fc9395f94e8>:0x007fc9395f8b10>):
    1: <h1>New Article</h1>
    2: 
    3: <%= form_with scope: :article, url: articles_path, local: true do |form| %>
    4:   <p>
    5:     <%= form.label :title %><br>
    6:     <%= form.text_field :title %>
  app/views/articles/new.html.erb:3:in `_app_views_articles_new_html_erb__632316817427909865_70251152096560'


  Rendered /Users/edima/.tokaido/Gems/2.2.0/gems/actionpack-4.2.1/lib/action_dispatch/middleware/templates/rescues/_source.erb (26.1ms)
  Rendered /Users/edima/.tokaido/Gems/2.2.0/gems/actionpack-4.2.1/lib/action_dispatch/middleware/templates/rescues/_trace.html.erb (7.1ms)
  Rendered /Users/edima/.tokaido/Gems/2.2.0/gems/actionpack-4.2.1/lib/action_dispatch/middleware/templates/rescues/_request_and_response.html.erb (1.9ms)
  Rendered /Users/edima/.tokaido/Gems/2.2.0/gems/actionpack-4.2.1/lib/action_dispatch/middleware/templates/rescues/template_error.html.erb within rescues/layout (162.5ms)
  Rendered /Users/edima/.tokaido/Gems/2.2.0/gems/web-console-2.1.2/lib/web_console/templates/_markup.html.erb (0.7ms)
  Rendered /Users/edima/.tokaido/Gems/2.2.0/gems/web-console-2.1.2/lib/web_console/templates/style.css.erb within layouts/inlined_string (0.7ms)
  Rendered /Users/edima/.tokaido/Gems/2.2.0/gems/web-console-2.1.2/lib/web_console/templates/_inner_console_markup.html.erb within layouts/inlined_string (0.7ms)
  Rendered /Users/edima/.tokaido/Gems/2.2.0/gems/web-console-2.1.2/lib/web_console/templates/_prompt_box_markup.html.erb within layouts/inlined_string (0.9ms)
  Rendered /Users/edima/.tokaido/Gems/2.2.0/gems/web-console-2.1.2/lib/web_console/templates/console.js.erb within layouts/javascript (126.2ms)
  Rendered /Users/edima/.tokaido/Gems/2.2.0/gems/web-console-2.1.2/lib/web_console/templates/main.js.erb within layouts/javascript (1.0ms)
  Rendered /Users/edima/.tokaido/Gems/2.2.0/gems/web-console-2.1.2/lib/web_console/templates/error_page.js.erb within layouts/javascript (1.1ms)
  Rendered /Users/edima/.tokaido/Gems/2.2.0/gems/web-console-2.1.2/lib/web_console/templates/index.html.erb (278.8ms)


Started GET "/articles/new" for ::1 at 2018-04-12 12:59:00 -0400
Processing by ArticlesController#new as HTML
Completed 500 Internal Server Error in 26ms (ActiveRecord: 0.0ms)

NameError (uninitialized constant ArticlesController::Article):
  app/controllers/articles_controller.rb:3:in `new'


  Rendered /Users/edima/.tokaido/Gems/2.2.0/gems/actionpack-4.2.1/lib/action_dispatch/middleware/templates/rescues/_source.erb (18.5ms)
  Rendered /Users/edima/.tokaido/Gems/2.2.0/gems/actionpack-4.2.1/lib/action_dispatch/middleware/templates/rescues/_trace.html.erb (6.1ms)
  Rendered /Users/edima/.tokaido/Gems/2.2.0/gems/actionpack-4.2.1/lib/action_dispatch/middleware/templates/rescues/_request_and_response.html.erb (1.9ms)
  Rendered /Users/edima/.tokaido/Gems/2.2.0/gems/actionpack-4.2.1/lib/action_dispatch/middleware/templates/rescues/diagnostics.html.erb within rescues/layout (152.2ms)
  Rendered /Users/edima/.tokaido/Gems/2.2.0/gems/web-console-2.1.2/lib/web_console/templates/_markup.html.erb (0.9ms)
  Rendered /Users/edima/.tokaido/Gems/2.2.0/gems/web-console-2.1.2/lib/web_console/templates/style.css.erb within layouts/inlined_string (0.7ms)
  Rendered /Users/edima/.tokaido/Gems/2.2.0/gems/web-console-2.1.2/lib/web_console/templates/_inner_console_markup.html.erb within layouts/inlined_string (0.7ms)
  Rendered /Users/edima/.tokaido/Gems/2.2.0/gems/web-console-2.1.2/lib/web_console/templates/_prompt_box_markup.html.erb within layouts/inlined_string (0.9ms)
  Rendered /Users/edima/.tokaido/Gems/2.2.0/gems/web-console-2.1.2/lib/web_console/templates/console.js.erb within layouts/javascript (123.8ms)
  Rendered /Users/edima/.tokaido/Gems/2.2.0/gems/web-console-2.1.2/lib/web_console/templates/main.js.erb within layouts/javascript (0.9ms)
  Rendered /Users/edima/.tokaido/Gems/2.2.0/gems/web-console-2.1.2/lib/web_console/templates/error_page.js.erb within layouts/javascript (1.2ms)
  Rendered /Users/edima/.tokaido/Gems/2.2.0/gems/web-console-2.1.2/lib/web_console/templates/index.html.erb (272.5ms)


Started GET "/articles/new" for ::1 at 2018-04-12 12:59:40 -0400
Processing by ArticlesController#new as HTML
Completed 500 Internal Server Error in 5ms (ActiveRecord: 0.0ms)

NameError (uninitialized constant ArticlesController::Article):
  app/controllers/articles_controller.rb:3:in `new'


  Rendered /Users/edima/.tokaido/Gems/2.2.0/gems/actionpack-4.2.1/lib/action_dispatch/middleware/templates/rescues/_source.erb (17.1ms)
  Rendered /Users/edima/.tokaido/Gems/2.2.0/gems/actionpack-4.2.1/lib/action_dispatch/middleware/templates/rescues/_trace.html.erb (6.7ms)
  Rendered /Users/edima/.tokaido/Gems/2.2.0/gems/actionpack-4.2.1/lib/action_dispatch/middleware/templates/rescues/_request_and_response.html.erb (1.9ms)
  Rendered /Users/edima/.tokaido/Gems/2.2.0/gems/actionpack-4.2.1/lib/action_dispatch/middleware/templates/rescues/diagnostics.html.erb within rescues/layout (148.4ms)
  Rendered /Users/edima/.tokaido/Gems/2.2.0/gems/web-console-2.1.2/lib/web_console/templates/_markup.html.erb (0.9ms)
  Rendered /Users/edima/.tokaido/Gems/2.2.0/gems/web-console-2.1.2/lib/web_console/templates/style.css.erb within layouts/inlined_string (0.7ms)
  Rendered /Users/edima/.tokaido/Gems/2.2.0/gems/web-console-2.1.2/lib/web_console/templates/_inner_console_markup.html.erb within layouts/inlined_string (0.7ms)
  Rendered /Users/edima/.tokaido/Gems/2.2.0/gems/web-console-2.1.2/lib/web_console/templates/_prompt_box_markup.html.erb within layouts/inlined_string (0.6ms)
  Rendered /Users/edima/.tokaido/Gems/2.2.0/gems/web-console-2.1.2/lib/web_console/templates/console.js.erb within layouts/javascript (122.4ms)
  Rendered /Users/edima/.tokaido/Gems/2.2.0/gems/web-console-2.1.2/lib/web_console/templates/main.js.erb within layouts/javascript (0.6ms)
  Rendered /Users/edima/.tokaido/Gems/2.2.0/gems/web-console-2.1.2/lib/web_console/templates/error_page.js.erb within layouts/javascript (0.9ms)
  Rendered /Users/edima/.tokaido/Gems/2.2.0/gems/web-console-2.1.2/lib/web_console/templates/index.html.erb (267.9ms)


Started GET "/" for ::1 at 2018-04-12 13:03:10 -0400
Processing by WelcomeController#index as HTML
  Rendered welcome/index.html.erb within layouts/application (12.1ms)
Completed 200 OK in 813ms (Views: 785.6ms | ActiveRecord: 0.0ms)


Started GET "/" for ::1 at 2018-04-12 13:03:11 -0400
Processing by WelcomeController#index as HTML
  Rendered welcome/index.html.erb within layouts/application (0.1ms)
Completed 200 OK in 166ms (Views: 164.8ms | ActiveRecord: 0.0ms)


Started GET "/articles/new" for ::1 at 2018-04-12 13:06:25 -0400
Processing by ArticlesController#new as HTML
  Rendered articles/new.html.erb within layouts/application (2.5ms)
Completed 500 Internal Server Error in 85ms (ActiveRecord: 0.0ms)

SyntaxError (/Users/edima/Documents/Coding/web_projects/rails_practice/blog/app/views/articles/new.html.erb:3: syntax error, unexpected ':', expecting keyword_end
...r.append=  form_with @article :article, url: articles_path, ...
...                               ^
/Users/edima/Documents/Coding/web_projects/rails_practice/blog/app/views/articles/new.html.erb:18: syntax error, unexpected keyword_ensure, expecting end-of-input):
  app/views/articles/new.html.erb:3: syntax error, unexpected ':', expecting keyword_end
  app/views/articles/new.html.erb:18: syntax error, unexpected keyword_ensure, expecting end-of-input


  Rendered /Users/edima/.tokaido/Gems/2.2.0/gems/actionpack-4.2.1/lib/action_dispatch/middleware/templates/rescues/_source.erb (26.1ms)
  Rendered /Users/edima/.tokaido/Gems/2.2.0/gems/actionpack-4.2.1/lib/action_dispatch/middleware/templates/rescues/_trace.html.erb (11.0ms)
  Rendered /Users/edima/.tokaido/Gems/2.2.0/gems/actionpack-4.2.1/lib/action_dispatch/middleware/templates/rescues/_request_and_response.html.erb (2.3ms)
  Rendered /Users/edima/.tokaido/Gems/2.2.0/gems/actionpack-4.2.1/lib/action_dispatch/middleware/templates/rescues/diagnostics.html.erb within rescues/layout (180.7ms)
  Rendered /Users/edima/.tokaido/Gems/2.2.0/gems/web-console-2.1.2/lib/web_console/templates/_markup.html.erb (0.7ms)
  Rendered /Users/edima/.tokaido/Gems/2.2.0/gems/web-console-2.1.2/lib/web_console/templates/style.css.erb within layouts/inlined_string (0.7ms)
  Rendered /Users/edima/.tokaido/Gems/2.2.0/gems/web-console-2.1.2/lib/web_console/templates/_inner_console_markup.html.erb within layouts/inlined_string (0.9ms)
  Rendered /Users/edima/.tokaido/Gems/2.2.0/gems/web-console-2.1.2/lib/web_console/templates/_prompt_box_markup.html.erb within layouts/inlined_string (1.1ms)
  Rendered /Users/edima/.tokaido/Gems/2.2.0/gems/web-console-2.1.2/lib/web_console/templates/console.js.erb within layouts/javascript (137.8ms)
  Rendered /Users/edima/.tokaido/Gems/2.2.0/gems/web-console-2.1.2/lib/web_console/templates/main.js.erb within layouts/javascript (0.8ms)
  Rendered /Users/edima/.tokaido/Gems/2.2.0/gems/web-console-2.1.2/lib/web_console/templates/error_page.js.erb within layouts/javascript (0.9ms)
  Rendered /Users/edima/.tokaido/Gems/2.2.0/gems/web-console-2.1.2/lib/web_console/templates/index.html.erb (309.9ms)


Started GET "/articles/new" for ::1 at 2018-04-12 13:06:58 -0400
Processing by ArticlesController#new as HTML
  Rendered articles/new.html.erb within layouts/application (0.7ms)
Completed 200 OK in 617ms (Views: 615.8ms | ActiveRecord: 0.0ms)


Started GET "/articles/new" for ::1 at 2018-04-12 13:09:01 -0400
Processing by ArticlesController#new as HTML
  Rendered articles/new.html.erb within layouts/application (71.9ms)
Completed 200 OK in 330ms (Views: 329.1ms | ActiveRecord: 0.0ms)
  [1m[36m (2.4ms)[0m  [1mCREATE TABLE "schema_migrations" ("version" varchar NOT NULL) [0m
  [1m[35m (0.2ms)[0m  select sqlite_version(*)
  [1m[36m (1.2ms)[0m  [1mCREATE UNIQUE INDEX "unique_schema_migrations" ON "schema_migrations" ("version")[0m
  [1m[35mActiveRecord::SchemaMigration Load (0.1ms)[0m  SELECT "schema_migrations".* FROM "schema_migrations"
Migrating to CreateArticles (20180412171454)
  [1m[36m (0.2ms)[0m  [1mbegin transaction[0m
  [1m[35m (0.8ms)[0m  CREATE TABLE "articles" ("id" INTEGER PRIMARY KEY AUTOINCREMENT NOT NULL, "title" varchar, "text" text, "created_at" datetime NOT NULL, "updated_at" datetime NOT NULL) 
  [1m[36mSQL (0.4ms)[0m  [1mINSERT INTO "schema_migrations" ("version") VALUES (?)[0m  [["version", "20180412171454"]]
  [1m[35m (1.4ms)[0m  commit transaction
  [1m[36mActiveRecord::SchemaMigration Load (0.1ms)[0m  [1mSELECT "schema_migrations".* FROM "schema_migrations"[0m
