

Started GET "/" for 127.0.0.1 at 2018-04-16 17:58:26 -0400
Processing by ApplicationController#hello as HTML
  Rendered html template (0.0ms)
Completed 200 OK in 64ms (Views: 28.0ms | ActiveRecord: 0.0ms)


Started GET "/static_page/home" for 127.0.0.1 at 2018-04-16 17:58:48 -0400

ActionController::RoutingError (No route matches [GET] "/static_page/home"):
  actionpack (4.1.1) lib/action_dispatch/middleware/debug_exceptions.rb:21:in `call'
  actionpack (4.1.1) lib/action_dispatch/middleware/show_exceptions.rb:30:in `call'
  railties (4.1.1) lib/rails/rack/logger.rb:38:in `call_app'
  railties (4.1.1) lib/rails/rack/logger.rb:20:in `block in call'
  activesupport (4.1.1) lib/active_support/tagged_logging.rb:68:in `block in tagged'
  activesupport (4.1.1) lib/active_support/tagged_logging.rb:26:in `tagged'
  activesupport (4.1.1) lib/active_support/tagged_logging.rb:68:in `tagged'
  railties (4.1.1) lib/rails/rack/logger.rb:20:in `call'
  actionpack (4.1.1) lib/action_dispatch/middleware/request_id.rb:21:in `call'
  rack (1.5.2) lib/rack/methodoverride.rb:21:in `call'
  rack (1.5.2) lib/rack/runtime.rb:17:in `call'
  activesupport (4.1.1) lib/active_support/cache/strategy/local_cache_middleware.rb:26:in `call'
  rack (1.5.2) lib/rack/lock.rb:17:in `call'
  actionpack (4.1.1) lib/action_dispatch/middleware/static.rb:64:in `call'
  rack (1.5.2) lib/rack/sendfile.rb:112:in `call'
  railties (4.1.1) lib/rails/engine.rb:514:in `call'
  railties (4.1.1) lib/rails/application.rb:144:in `call'
  rack (1.5.2) lib/rack/lock.rb:17:in `call'
  rack (1.5.2) lib/rack/content_length.rb:14:in `call'
  rack (1.5.2) lib/rack/handler/webrick.rb:60:in `service'
  /Users/edima/.rvm/rubies/ruby-2.1.1/lib/ruby/2.1.0/webrick/httpserver.rb:138:in `service'
  /Users/edima/.rvm/rubies/ruby-2.1.1/lib/ruby/2.1.0/webrick/httpserver.rb:94:in `run'
  /Users/edima/.rvm/rubies/ruby-2.1.1/lib/ruby/2.1.0/webrick/server.rb:295:in `block in start_thread'


  Rendered /Users/edima/.rvm/gems/ruby-2.1.1/gems/actionpack-4.1.1/lib/action_dispatch/middleware/templates/rescues/_trace.html.erb (1.3ms)
  Rendered /Users/edima/.rvm/gems/ruby-2.1.1/gems/actionpack-4.1.1/lib/action_dispatch/middleware/templates/routes/_route.html.erb (1.1ms)
  Rendered /Users/edima/.rvm/gems/ruby-2.1.1/gems/actionpack-4.1.1/lib/action_dispatch/middleware/templates/routes/_table.html.erb (48.9ms)
  Rendered /Users/edima/.rvm/gems/ruby-2.1.1/gems/actionpack-4.1.1/lib/action_dispatch/middleware/templates/rescues/routing_error.html.erb within rescues/layout (150.4ms)


Started GET "/static_pages/home" for 127.0.0.1 at 2018-04-16 17:58:57 -0400
Processing by StaticPagesController#home as HTML
  Rendered static_pages/home.html.erb within layouts/application (0.8ms)
Completed 200 OK in 1926ms (Views: 1925.6ms | ActiveRecord: 0.0ms)


Started GET "/assets/jquery.js?body=1" for 127.0.0.1 at 2018-04-16 17:58:59 -0400


Started GET "/assets/application.css?body=1" for 127.0.0.1 at 2018-04-16 17:58:59 -0400


Started GET "/assets/static_pages.css?body=1" for 127.0.0.1 at 2018-04-16 17:58:59 -0400


Started GET "/assets/jquery_ujs.js?body=1" for 127.0.0.1 at 2018-04-16 17:58:59 -0400


Started GET "/assets/turbolinks.js?body=1" for 127.0.0.1 at 2018-04-16 17:58:59 -0400


Started GET "/assets/static_pages.js?body=1" for 127.0.0.1 at 2018-04-16 17:58:59 -0400


Started GET "/assets/application.js?body=1" for 127.0.0.1 at 2018-04-16 17:58:59 -0400


Started GET "/static_pages/help" for 127.0.0.1 at 2018-04-16 17:59:15 -0400
Processing by StaticPagesController#help as HTML
  Rendered static_pages/help.html.erb within layouts/application (0.7ms)
Completed 200 OK in 10ms (Views: 9.0ms | ActiveRecord: 0.0ms)


Started GET "/assets/static_pages.css?body=1" for 127.0.0.1 at 2018-04-16 17:59:15 -0400


Started GET "/assets/application.css?body=1" for 127.0.0.1 at 2018-04-16 17:59:15 -0400


Started GET "/assets/application.js?body=1" for 127.0.0.1 at 2018-04-16 17:59:15 -0400


Started GET "/static_pages/help" for 127.0.0.1 at 2018-04-16 18:07:41 -0400
Processing by StaticPagesController#help as HTML
  Rendered static_pages/help.html.erb within layouts/application (0.7ms)
Completed 200 OK in 17ms (Views: 15.9ms | ActiveRecord: 0.0ms)


Started GET "/assets/static_pages.js?body=1" for 127.0.0.1 at 2018-04-16 18:07:41 -0400


Started GET "/assets/application.css?body=1" for 127.0.0.1 at 2018-04-16 18:07:41 -0400


Started GET "/assets/application.js?body=1" for 127.0.0.1 at 2018-04-16 18:07:41 -0400


Started GET "/assets/static_pages.css?body=1" for 127.0.0.1 at 2018-04-16 18:07:41 -0400


Started GET "/static_pages/about" for 127.0.0.1 at 2018-04-16 18:19:00 -0400
Processing by StaticPagesController#about as HTML
  Rendered static_pages/about.html.erb within layouts/application (0.5ms)
Completed 200 OK in 7ms (Views: 5.8ms | ActiveRecord: 0.0ms)


Started GET "/assets/static_pages.js?body=1" for 127.0.0.1 at 2018-04-16 18:19:00 -0400


Started GET "/assets/application.css?body=1" for 127.0.0.1 at 2018-04-16 18:19:00 -0400


Started GET "/assets/application.js?body=1" for 127.0.0.1 at 2018-04-16 18:19:00 -0400


Started GET "/assets/static_pages.css?body=1" for 127.0.0.1 at 2018-04-16 18:19:00 -0400


Started GET "/static_pages/home" for 127.0.0.1 at 2018-04-16 18:23:46 -0400
Processing by StaticPagesController#home as HTML
  Rendered static_pages/home.html.erb (1.2ms)
Completed 200 OK in 7ms (Views: 5.4ms | ActiveRecord: 0.0ms)


Started GET "/static_pages/home" for 127.0.0.1 at 2018-04-16 19:06:54 -0400
Processing by StaticPagesController#home as HTML
  Rendered static_pages/home.html.erb (0.0ms)
Completed 200 OK in 4ms (Views: 3.4ms | ActiveRecord: 0.0ms)


Started GET "/" for 127.0.0.1 at 2018-04-16 19:30:03 -0400
Processing by StaticPagesController#home as HTML
  Rendered static_pages/home.html.erb within layouts/application (0.7ms)
Completed 200 OK in 8ms (Views: 7.6ms | ActiveRecord: 0.0ms)


Started GET "/assets/static_pages.css?body=1" for 127.0.0.1 at 2018-04-16 19:30:03 -0400


Started GET "/assets/application.css?body=1" for 127.0.0.1 at 2018-04-16 19:30:03 -0400


Started GET "/assets/jquery.js?body=1" for 127.0.0.1 at 2018-04-16 19:30:03 -0400


Started GET "/assets/turbolinks.js?body=1" for 127.0.0.1 at 2018-04-16 19:30:03 -0400


Started GET "/assets/jquery_ujs.js?body=1" for 127.0.0.1 at 2018-04-16 19:30:03 -0400


Started GET "/assets/static_pages.js?body=1" for 127.0.0.1 at 2018-04-16 19:30:03 -0400


Started GET "/assets/application.js?body=1" for 127.0.0.1 at 2018-04-16 19:30:03 -0400


Started GET "/" for 127.0.0.1 at 2018-04-17 13:38:51 -0400
Processing by StaticPagesController#home as HTML
  Rendered static_pages/home.html.erb within layouts/application (0.5ms)
Completed 200 OK in 94ms (Views: 90.7ms | ActiveRecord: 0.0ms)


Started GET "/assets/static_pages.css?body=1" for 127.0.0.1 at 2018-04-17 13:38:52 -0400


Started GET "/assets/application.css?body=1" for 127.0.0.1 at 2018-04-17 13:38:52 -0400


Started GET "/assets/jquery.js?body=1" for 127.0.0.1 at 2018-04-17 13:38:52 -0400


Started GET "/assets/jquery_ujs.js?body=1" for 127.0.0.1 at 2018-04-17 13:38:52 -0400


Started GET "/assets/turbolinks.js?body=1" for 127.0.0.1 at 2018-04-17 13:38:52 -0400


Started GET "/assets/static_pages.js?body=1" for 127.0.0.1 at 2018-04-17 13:38:52 -0400


Started GET "/assets/application.js?body=1" for 127.0.0.1 at 2018-04-17 13:38:52 -0400


Started GET "/contact" for 127.0.0.1 at 2018-04-17 13:38:57 -0400

ActionController::RoutingError (No route matches [GET] "/contact"):
  actionpack (4.1.1) lib/action_dispatch/middleware/debug_exceptions.rb:21:in `call'
  actionpack (4.1.1) lib/action_dispatch/middleware/show_exceptions.rb:30:in `call'
  railties (4.1.1) lib/rails/rack/logger.rb:38:in `call_app'
  railties (4.1.1) lib/rails/rack/logger.rb:20:in `block in call'
  activesupport (4.1.1) lib/active_support/tagged_logging.rb:68:in `block in tagged'
  activesupport (4.1.1) lib/active_support/tagged_logging.rb:26:in `tagged'
  activesupport (4.1.1) lib/active_support/tagged_logging.rb:68:in `tagged'
  railties (4.1.1) lib/rails/rack/logger.rb:20:in `call'
  actionpack (4.1.1) lib/action_dispatch/middleware/request_id.rb:21:in `call'
  rack (1.5.2) lib/rack/methodoverride.rb:21:in `call'
  rack (1.5.2) lib/rack/runtime.rb:17:in `call'
  activesupport (4.1.1) lib/active_support/cache/strategy/local_cache_middleware.rb:26:in `call'
  rack (1.5.2) lib/rack/lock.rb:17:in `call'
  actionpack (4.1.1) lib/action_dispatch/middleware/static.rb:64:in `call'
  rack (1.5.2) lib/rack/sendfile.rb:112:in `call'
  railties (4.1.1) lib/rails/engine.rb:514:in `call'
  railties (4.1.1) lib/rails/application.rb:144:in `call'
  rack (1.5.2) lib/rack/lock.rb:17:in `call'
  rack (1.5.2) lib/rack/content_length.rb:14:in `call'
  rack (1.5.2) lib/rack/handler/webrick.rb:60:in `service'
  /Users/edima/.rvm/rubies/ruby-2.1.1/lib/ruby/2.1.0/webrick/httpserver.rb:138:in `service'
  /Users/edima/.rvm/rubies/ruby-2.1.1/lib/ruby/2.1.0/webrick/httpserver.rb:94:in `run'
  /Users/edima/.rvm/rubies/ruby-2.1.1/lib/ruby/2.1.0/webrick/server.rb:295:in `block in start_thread'


  Rendered /Users/edima/.rvm/gems/ruby-2.1.1/gems/actionpack-4.1.1/lib/action_dispatch/middleware/templates/rescues/_trace.html.erb (2.7ms)
  Rendered /Users/edima/.rvm/gems/ruby-2.1.1/gems/actionpack-4.1.1/lib/action_dispatch/middleware/templates/routes/_route.html.erb (2.0ms)
  Rendered /Users/edima/.rvm/gems/ruby-2.1.1/gems/actionpack-4.1.1/lib/action_dispatch/middleware/templates/routes/_table.html.erb (1.8ms)
  Rendered /Users/edima/.rvm/gems/ruby-2.1.1/gems/actionpack-4.1.1/lib/action_dispatch/middleware/templates/rescues/routing_error.html.erb within rescues/layout (87.8ms)


Started GET "/contact" for 127.0.0.1 at 2018-04-17 13:40:23 -0400

ActionController::RoutingError (No route matches [GET] "/contact"):
  actionpack (4.1.1) lib/action_dispatch/middleware/debug_exceptions.rb:21:in `call'
  actionpack (4.1.1) lib/action_dispatch/middleware/show_exceptions.rb:30:in `call'
  railties (4.1.1) lib/rails/rack/logger.rb:38:in `call_app'
  railties (4.1.1) lib/rails/rack/logger.rb:20:in `block in call'
  activesupport (4.1.1) lib/active_support/tagged_logging.rb:68:in `block in tagged'
  activesupport (4.1.1) lib/active_support/tagged_logging.rb:26:in `tagged'
  activesupport (4.1.1) lib/active_support/tagged_logging.rb:68:in `tagged'
  railties (4.1.1) lib/rails/rack/logger.rb:20:in `call'
  actionpack (4.1.1) lib/action_dispatch/middleware/request_id.rb:21:in `call'
  rack (1.5.2) lib/rack/methodoverride.rb:21:in `call'
  rack (1.5.2) lib/rack/runtime.rb:17:in `call'
  activesupport (4.1.1) lib/active_support/cache/strategy/local_cache_middleware.rb:26:in `call'
  rack (1.5.2) lib/rack/lock.rb:17:in `call'
  actionpack (4.1.1) lib/action_dispatch/middleware/static.rb:64:in `call'
  rack (1.5.2) lib/rack/sendfile.rb:112:in `call'
  railties (4.1.1) lib/rails/engine.rb:514:in `call'
  railties (4.1.1) lib/rails/application.rb:144:in `call'
  rack (1.5.2) lib/rack/lock.rb:17:in `call'
  rack (1.5.2) lib/rack/content_length.rb:14:in `call'
  rack (1.5.2) lib/rack/handler/webrick.rb:60:in `service'
  /Users/edima/.rvm/rubies/ruby-2.1.1/lib/ruby/2.1.0/webrick/httpserver.rb:138:in `service'
  /Users/edima/.rvm/rubies/ruby-2.1.1/lib/ruby/2.1.0/webrick/httpserver.rb:94:in `run'
  /Users/edima/.rvm/rubies/ruby-2.1.1/lib/ruby/2.1.0/webrick/server.rb:295:in `block in start_thread'


  Rendered /Users/edima/.rvm/gems/ruby-2.1.1/gems/actionpack-4.1.1/lib/action_dispatch/middleware/templates/rescues/_trace.html.erb (1.8ms)
  Rendered /Users/edima/.rvm/gems/ruby-2.1.1/gems/actionpack-4.1.1/lib/action_dispatch/middleware/templates/routes/_route.html.erb (1.6ms)
  Rendered /Users/edima/.rvm/gems/ruby-2.1.1/gems/actionpack-4.1.1/lib/action_dispatch/middleware/templates/routes/_table.html.erb (1.7ms)
  Rendered /Users/edima/.rvm/gems/ruby-2.1.1/gems/actionpack-4.1.1/lib/action_dispatch/middleware/templates/rescues/routing_error.html.erb within rescues/layout (24.0ms)


Started GET "/" for 127.0.0.1 at 2018-04-17 13:42:49 -0400
Processing by StaticPagesController#home as HTML
  Rendered static_pages/home.html.erb within layouts/application (0.1ms)
Completed 200 OK in 7ms (Views: 6.2ms | ActiveRecord: 0.0ms)


Started GET "/assets/static_pages.css?body=1" for 127.0.0.1 at 2018-04-17 13:42:50 -0400


Started GET "/assets/application.js?body=1" for 127.0.0.1 at 2018-04-17 13:42:50 -0400


Started GET "/assets/application.css?body=1" for 127.0.0.1 at 2018-04-17 13:42:50 -0400


Started GET "/" for 127.0.0.1 at 2018-04-17 13:42:52 -0400
Processing by StaticPagesController#home as HTML
  Rendered static_pages/home.html.erb within layouts/application (0.1ms)
Completed 200 OK in 9ms (Views: 7.6ms | ActiveRecord: 0.0ms)


Started GET "/assets/static_pages.css?body=1" for 127.0.0.1 at 2018-04-17 13:42:52 -0400


Started GET "/assets/application.js?body=1" for 127.0.0.1 at 2018-04-17 13:42:52 -0400


Started GET "/assets/application.css?body=1" for 127.0.0.1 at 2018-04-17 13:42:52 -0400


Started GET "/contact" for 127.0.0.1 at 2018-04-17 13:42:58 -0400

ActionController::RoutingError (No route matches [GET] "/contact"):
  actionpack (4.1.1) lib/action_dispatch/middleware/debug_exceptions.rb:21:in `call'
  actionpack (4.1.1) lib/action_dispatch/middleware/show_exceptions.rb:30:in `call'
  railties (4.1.1) lib/rails/rack/logger.rb:38:in `call_app'
  railties (4.1.1) lib/rails/rack/logger.rb:20:in `block in call'
  activesupport (4.1.1) lib/active_support/tagged_logging.rb:68:in `block in tagged'
  activesupport (4.1.1) lib/active_support/tagged_logging.rb:26:in `tagged'
  activesupport (4.1.1) lib/active_support/tagged_logging.rb:68:in `tagged'
  railties (4.1.1) lib/rails/rack/logger.rb:20:in `call'
  actionpack (4.1.1) lib/action_dispatch/middleware/request_id.rb:21:in `call'
  rack (1.5.2) lib/rack/methodoverride.rb:21:in `call'
  rack (1.5.2) lib/rack/runtime.rb:17:in `call'
  activesupport (4.1.1) lib/active_support/cache/strategy/local_cache_middleware.rb:26:in `call'
  rack (1.5.2) lib/rack/lock.rb:17:in `call'
  actionpack (4.1.1) lib/action_dispatch/middleware/static.rb:64:in `call'
  rack (1.5.2) lib/rack/sendfile.rb:112:in `call'
  railties (4.1.1) lib/rails/engine.rb:514:in `call'
  railties (4.1.1) lib/rails/application.rb:144:in `call'
  rack (1.5.2) lib/rack/lock.rb:17:in `call'
  rack (1.5.2) lib/rack/content_length.rb:14:in `call'
  rack (1.5.2) lib/rack/handler/webrick.rb:60:in `service'
  /Users/edima/.rvm/rubies/ruby-2.1.1/lib/ruby/2.1.0/webrick/httpserver.rb:138:in `service'
  /Users/edima/.rvm/rubies/ruby-2.1.1/lib/ruby/2.1.0/webrick/httpserver.rb:94:in `run'
  /Users/edima/.rvm/rubies/ruby-2.1.1/lib/ruby/2.1.0/webrick/server.rb:295:in `block in start_thread'


  Rendered /Users/edima/.rvm/gems/ruby-2.1.1/gems/actionpack-4.1.1/lib/action_dispatch/middleware/templates/rescues/_trace.html.erb (1.6ms)
  Rendered /Users/edima/.rvm/gems/ruby-2.1.1/gems/actionpack-4.1.1/lib/action_dispatch/middleware/templates/routes/_route.html.erb (1.2ms)
  Rendered /Users/edima/.rvm/gems/ruby-2.1.1/gems/actionpack-4.1.1/lib/action_dispatch/middleware/templates/routes/_table.html.erb (1.7ms)
  Rendered /Users/edima/.rvm/gems/ruby-2.1.1/gems/actionpack-4.1.1/lib/action_dispatch/middleware/templates/rescues/routing_error.html.erb within rescues/layout (21.7ms)


Started GET "/home" for 127.0.0.1 at 2018-04-17 13:43:08 -0400

ActionController::RoutingError (No route matches [GET] "/home"):
  actionpack (4.1.1) lib/action_dispatch/middleware/debug_exceptions.rb:21:in `call'
  actionpack (4.1.1) lib/action_dispatch/middleware/show_exceptions.rb:30:in `call'
  railties (4.1.1) lib/rails/rack/logger.rb:38:in `call_app'
  railties (4.1.1) lib/rails/rack/logger.rb:20:in `block in call'
  activesupport (4.1.1) lib/active_support/tagged_logging.rb:68:in `block in tagged'
  activesupport (4.1.1) lib/active_support/tagged_logging.rb:26:in `tagged'
  activesupport (4.1.1) lib/active_support/tagged_logging.rb:68:in `tagged'
  railties (4.1.1) lib/rails/rack/logger.rb:20:in `call'
  actionpack (4.1.1) lib/action_dispatch/middleware/request_id.rb:21:in `call'
  rack (1.5.2) lib/rack/methodoverride.rb:21:in `call'
  rack (1.5.2) lib/rack/runtime.rb:17:in `call'
  activesupport (4.1.1) lib/active_support/cache/strategy/local_cache_middleware.rb:26:in `call'
  rack (1.5.2) lib/rack/lock.rb:17:in `call'
  actionpack (4.1.1) lib/action_dispatch/middleware/static.rb:64:in `call'
  rack (1.5.2) lib/rack/sendfile.rb:112:in `call'
  railties (4.1.1) lib/rails/engine.rb:514:in `call'
  railties (4.1.1) lib/rails/application.rb:144:in `call'
  rack (1.5.2) lib/rack/lock.rb:17:in `call'
  rack (1.5.2) lib/rack/content_length.rb:14:in `call'
  rack (1.5.2) lib/rack/handler/webrick.rb:60:in `service'
  /Users/edima/.rvm/rubies/ruby-2.1.1/lib/ruby/2.1.0/webrick/httpserver.rb:138:in `service'
  /Users/edima/.rvm/rubies/ruby-2.1.1/lib/ruby/2.1.0/webrick/httpserver.rb:94:in `run'
  /Users/edima/.rvm/rubies/ruby-2.1.1/lib/ruby/2.1.0/webrick/server.rb:295:in `block in start_thread'


  Rendered /Users/edima/.rvm/gems/ruby-2.1.1/gems/actionpack-4.1.1/lib/action_dispatch/middleware/templates/rescues/_trace.html.erb (1.5ms)
  Rendered /Users/edima/.rvm/gems/ruby-2.1.1/gems/actionpack-4.1.1/lib/action_dispatch/middleware/templates/routes/_route.html.erb (1.3ms)
  Rendered /Users/edima/.rvm/gems/ruby-2.1.1/gems/actionpack-4.1.1/lib/action_dispatch/middleware/templates/routes/_table.html.erb (1.4ms)
  Rendered /Users/edima/.rvm/gems/ruby-2.1.1/gems/actionpack-4.1.1/lib/action_dispatch/middleware/templates/rescues/routing_error.html.erb within rescues/layout (22.0ms)


Started GET "/help" for 127.0.0.1 at 2018-04-17 13:43:18 -0400

ActionController::RoutingError (No route matches [GET] "/help"):
  actionpack (4.1.1) lib/action_dispatch/middleware/debug_exceptions.rb:21:in `call'
  actionpack (4.1.1) lib/action_dispatch/middleware/show_exceptions.rb:30:in `call'
  railties (4.1.1) lib/rails/rack/logger.rb:38:in `call_app'
  railties (4.1.1) lib/rails/rack/logger.rb:20:in `block in call'
  activesupport (4.1.1) lib/active_support/tagged_logging.rb:68:in `block in tagged'
  activesupport (4.1.1) lib/active_support/tagged_logging.rb:26:in `tagged'
  activesupport (4.1.1) lib/active_support/tagged_logging.rb:68:in `tagged'
  railties (4.1.1) lib/rails/rack/logger.rb:20:in `call'
  actionpack (4.1.1) lib/action_dispatch/middleware/request_id.rb:21:in `call'
  rack (1.5.2) lib/rack/methodoverride.rb:21:in `call'
  rack (1.5.2) lib/rack/runtime.rb:17:in `call'
  activesupport (4.1.1) lib/active_support/cache/strategy/local_cache_middleware.rb:26:in `call'
  rack (1.5.2) lib/rack/lock.rb:17:in `call'
  actionpack (4.1.1) lib/action_dispatch/middleware/static.rb:64:in `call'
  rack (1.5.2) lib/rack/sendfile.rb:112:in `call'
  railties (4.1.1) lib/rails/engine.rb:514:in `call'
  railties (4.1.1) lib/rails/application.rb:144:in `call'
  rack (1.5.2) lib/rack/lock.rb:17:in `call'
  rack (1.5.2) lib/rack/content_length.rb:14:in `call'
  rack (1.5.2) lib/rack/handler/webrick.rb:60:in `service'
  /Users/edima/.rvm/rubies/ruby-2.1.1/lib/ruby/2.1.0/webrick/httpserver.rb:138:in `service'
  /Users/edima/.rvm/rubies/ruby-2.1.1/lib/ruby/2.1.0/webrick/httpserver.rb:94:in `run'
  /Users/edima/.rvm/rubies/ruby-2.1.1/lib/ruby/2.1.0/webrick/server.rb:295:in `block in start_thread'


  Rendered /Users/edima/.rvm/gems/ruby-2.1.1/gems/actionpack-4.1.1/lib/action_dispatch/middleware/templates/rescues/_trace.html.erb (1.8ms)
  Rendered /Users/edima/.rvm/gems/ruby-2.1.1/gems/actionpack-4.1.1/lib/action_dispatch/middleware/templates/routes/_route.html.erb (1.2ms)
  Rendered /Users/edima/.rvm/gems/ruby-2.1.1/gems/actionpack-4.1.1/lib/action_dispatch/middleware/templates/routes/_table.html.erb (1.8ms)
  Rendered /Users/edima/.rvm/gems/ruby-2.1.1/gems/actionpack-4.1.1/lib/action_dispatch/middleware/templates/rescues/routing_error.html.erb within rescues/layout (23.3ms)


Started GET "/help" for 127.0.0.1 at 2018-04-17 13:46:01 -0400

ActionController::RoutingError (No route matches [GET] "/help"):
  actionpack (4.1.1) lib/action_dispatch/middleware/debug_exceptions.rb:21:in `call'
  actionpack (4.1.1) lib/action_dispatch/middleware/show_exceptions.rb:30:in `call'
  railties (4.1.1) lib/rails/rack/logger.rb:38:in `call_app'
  railties (4.1.1) lib/rails/rack/logger.rb:20:in `block in call'
  activesupport (4.1.1) lib/active_support/tagged_logging.rb:68:in `block in tagged'
  activesupport (4.1.1) lib/active_support/tagged_logging.rb:26:in `tagged'
  activesupport (4.1.1) lib/active_support/tagged_logging.rb:68:in `tagged'
  railties (4.1.1) lib/rails/rack/logger.rb:20:in `call'
  actionpack (4.1.1) lib/action_dispatch/middleware/request_id.rb:21:in `call'
  rack (1.5.2) lib/rack/methodoverride.rb:21:in `call'
  rack (1.5.2) lib/rack/runtime.rb:17:in `call'
  activesupport (4.1.1) lib/active_support/cache/strategy/local_cache_middleware.rb:26:in `call'
  rack (1.5.2) lib/rack/lock.rb:17:in `call'
  actionpack (4.1.1) lib/action_dispatch/middleware/static.rb:64:in `call'
  rack (1.5.2) lib/rack/sendfile.rb:112:in `call'
  railties (4.1.1) lib/rails/engine.rb:514:in `call'
  railties (4.1.1) lib/rails/application.rb:144:in `call'
  rack (1.5.2) lib/rack/lock.rb:17:in `call'
  rack (1.5.2) lib/rack/content_length.rb:14:in `call'
  rack (1.5.2) lib/rack/handler/webrick.rb:60:in `service'
  /Users/edima/.rvm/rubies/ruby-2.1.1/lib/ruby/2.1.0/webrick/httpserver.rb:138:in `service'
  /Users/edima/.rvm/rubies/ruby-2.1.1/lib/ruby/2.1.0/webrick/httpserver.rb:94:in `run'
  /Users/edima/.rvm/rubies/ruby-2.1.1/lib/ruby/2.1.0/webrick/server.rb:295:in `block in start_thread'


  Rendered /Users/edima/.rvm/gems/ruby-2.1.1/gems/actionpack-4.1.1/lib/action_dispatch/middleware/templates/rescues/_trace.html.erb (1.2ms)
  Rendered /Users/edima/.rvm/gems/ruby-2.1.1/gems/actionpack-4.1.1/lib/action_dispatch/middleware/templates/routes/_route.html.erb (1.0ms)
  Rendered /Users/edima/.rvm/gems/ruby-2.1.1/gems/actionpack-4.1.1/lib/action_dispatch/middleware/templates/routes/_table.html.erb (48.6ms)
  Rendered /Users/edima/.rvm/gems/ruby-2.1.1/gems/actionpack-4.1.1/lib/action_dispatch/middleware/templates/rescues/routing_error.html.erb within rescues/layout (108.2ms)


Started GET "/" for 127.0.0.1 at 2018-04-17 13:46:08 -0400
Processing by StaticPagesController#home as HTML
  Rendered static_pages/home.html.erb within layouts/application (0.4ms)
Completed 200 OK in 255ms (Views: 184.1ms | ActiveRecord: 0.0ms)


Started GET "/assets/jquery.js?body=1" for 127.0.0.1 at 2018-04-17 13:46:08 -0400


Started GET "/assets/application.css?body=1" for 127.0.0.1 at 2018-04-17 13:46:08 -0400


Started GET "/assets/jquery_ujs.js?body=1" for 127.0.0.1 at 2018-04-17 13:46:08 -0400


Started GET "/assets/turbolinks.js?body=1" for 127.0.0.1 at 2018-04-17 13:46:08 -0400


Started GET "/assets/static_pages.css?body=1" for 127.0.0.1 at 2018-04-17 13:46:08 -0400


Started GET "/assets/static_pages.js?body=1" for 127.0.0.1 at 2018-04-17 13:46:08 -0400


Started GET "/assets/application.js?body=1" for 127.0.0.1 at 2018-04-17 13:46:08 -0400


Started GET "/home" for 127.0.0.1 at 2018-04-17 13:46:19 -0400

ActionController::RoutingError (No route matches [GET] "/home"):
  actionpack (4.1.1) lib/action_dispatch/middleware/debug_exceptions.rb:21:in `call'
  actionpack (4.1.1) lib/action_dispatch/middleware/show_exceptions.rb:30:in `call'
  railties (4.1.1) lib/rails/rack/logger.rb:38:in `call_app'
  railties (4.1.1) lib/rails/rack/logger.rb:20:in `block in call'
  activesupport (4.1.1) lib/active_support/tagged_logging.rb:68:in `block in tagged'
  activesupport (4.1.1) lib/active_support/tagged_logging.rb:26:in `tagged'
  activesupport (4.1.1) lib/active_support/tagged_logging.rb:68:in `tagged'
  railties (4.1.1) lib/rails/rack/logger.rb:20:in `call'
  actionpack (4.1.1) lib/action_dispatch/middleware/request_id.rb:21:in `call'
  rack (1.5.2) lib/rack/methodoverride.rb:21:in `call'
  rack (1.5.2) lib/rack/runtime.rb:17:in `call'
  activesupport (4.1.1) lib/active_support/cache/strategy/local_cache_middleware.rb:26:in `call'
  rack (1.5.2) lib/rack/lock.rb:17:in `call'
  actionpack (4.1.1) lib/action_dispatch/middleware/static.rb:64:in `call'
  rack (1.5.2) lib/rack/sendfile.rb:112:in `call'
  railties (4.1.1) lib/rails/engine.rb:514:in `call'
  railties (4.1.1) lib/rails/application.rb:144:in `call'
  rack (1.5.2) lib/rack/lock.rb:17:in `call'
  rack (1.5.2) lib/rack/content_length.rb:14:in `call'
  rack (1.5.2) lib/rack/handler/webrick.rb:60:in `service'
  /Users/edima/.rvm/rubies/ruby-2.1.1/lib/ruby/2.1.0/webrick/httpserver.rb:138:in `service'
  /Users/edima/.rvm/rubies/ruby-2.1.1/lib/ruby/2.1.0/webrick/httpserver.rb:94:in `run'
  /Users/edima/.rvm/rubies/ruby-2.1.1/lib/ruby/2.1.0/webrick/server.rb:295:in `block in start_thread'


  Rendered /Users/edima/.rvm/gems/ruby-2.1.1/gems/actionpack-4.1.1/lib/action_dispatch/middleware/templates/rescues/_trace.html.erb (1.1ms)
  Rendered /Users/edima/.rvm/gems/ruby-2.1.1/gems/actionpack-4.1.1/lib/action_dispatch/middleware/templates/routes/_route.html.erb (1.2ms)
  Rendered /Users/edima/.rvm/gems/ruby-2.1.1/gems/actionpack-4.1.1/lib/action_dispatch/middleware/templates/routes/_table.html.erb (1.1ms)
  Rendered /Users/edima/.rvm/gems/ruby-2.1.1/gems/actionpack-4.1.1/lib/action_dispatch/middleware/templates/rescues/routing_error.html.erb within rescues/layout (19.7ms)


Started GET "/about" for 127.0.0.1 at 2018-04-17 13:46:31 -0400

ActionController::RoutingError (No route matches [GET] "/about"):
  actionpack (4.1.1) lib/action_dispatch/middleware/debug_exceptions.rb:21:in `call'
  actionpack (4.1.1) lib/action_dispatch/middleware/show_exceptions.rb:30:in `call'
  railties (4.1.1) lib/rails/rack/logger.rb:38:in `call_app'
  railties (4.1.1) lib/rails/rack/logger.rb:20:in `block in call'
  activesupport (4.1.1) lib/active_support/tagged_logging.rb:68:in `block in tagged'
  activesupport (4.1.1) lib/active_support/tagged_logging.rb:26:in `tagged'
  activesupport (4.1.1) lib/active_support/tagged_logging.rb:68:in `tagged'
  railties (4.1.1) lib/rails/rack/logger.rb:20:in `call'
  actionpack (4.1.1) lib/action_dispatch/middleware/request_id.rb:21:in `call'
  rack (1.5.2) lib/rack/methodoverride.rb:21:in `call'
  rack (1.5.2) lib/rack/runtime.rb:17:in `call'
  activesupport (4.1.1) lib/active_support/cache/strategy/local_cache_middleware.rb:26:in `call'
  rack (1.5.2) lib/rack/lock.rb:17:in `call'
  actionpack (4.1.1) lib/action_dispatch/middleware/static.rb:64:in `call'
  rack (1.5.2) lib/rack/sendfile.rb:112:in `call'
  railties (4.1.1) lib/rails/engine.rb:514:in `call'
  railties (4.1.1) lib/rails/application.rb:144:in `call'
  rack (1.5.2) lib/rack/lock.rb:17:in `call'
  rack (1.5.2) lib/rack/content_length.rb:14:in `call'
  rack (1.5.2) lib/rack/handler/webrick.rb:60:in `service'
  /Users/edima/.rvm/rubies/ruby-2.1.1/lib/ruby/2.1.0/webrick/httpserver.rb:138:in `service'
  /Users/edima/.rvm/rubies/ruby-2.1.1/lib/ruby/2.1.0/webrick/httpserver.rb:94:in `run'
  /Users/edima/.rvm/rubies/ruby-2.1.1/lib/ruby/2.1.0/webrick/server.rb:295:in `block in start_thread'


  Rendered /Users/edima/.rvm/gems/ruby-2.1.1/gems/actionpack-4.1.1/lib/action_dispatch/middleware/templates/rescues/_trace.html.erb (1.0ms)
  Rendered /Users/edima/.rvm/gems/ruby-2.1.1/gems/actionpack-4.1.1/lib/action_dispatch/middleware/templates/routes/_route.html.erb (1.4ms)
  Rendered /Users/edima/.rvm/gems/ruby-2.1.1/gems/actionpack-4.1.1/lib/action_dispatch/middleware/templates/routes/_table.html.erb (1.1ms)
  Rendered /Users/edima/.rvm/gems/ruby-2.1.1/gems/actionpack-4.1.1/lib/action_dispatch/middleware/templates/rescues/routing_error.html.erb within rescues/layout (19.9ms)


Started GET "/static_pages/help" for 127.0.0.1 at 2018-04-17 13:50:05 -0400
Processing by StaticPagesController#help as HTML
  Rendered static_pages/help.html.erb within layouts/application (0.5ms)
Completed 200 OK in 6ms (Views: 5.5ms | ActiveRecord: 0.0ms)


Started GET "/assets/application.css?body=1" for 127.0.0.1 at 2018-04-17 13:50:05 -0400


Started GET "/assets/jquery.js?body=1" for 127.0.0.1 at 2018-04-17 13:50:05 -0400


Started GET "/assets/jquery_ujs.js?body=1" for 127.0.0.1 at 2018-04-17 13:50:05 -0400


Started GET "/assets/static_pages.css?body=1" for 127.0.0.1 at 2018-04-17 13:50:05 -0400


Started GET "/assets/turbolinks.js?body=1" for 127.0.0.1 at 2018-04-17 13:50:05 -0400


Started GET "/assets/static_pages.js?body=1" for 127.0.0.1 at 2018-04-17 13:50:05 -0400


Started GET "/assets/application.js?body=1" for 127.0.0.1 at 2018-04-17 13:50:05 -0400


Started GET "/static_pages/contact" for 127.0.0.1 at 2018-04-17 13:50:10 -0400
Processing by StaticPagesController#contact as HTML
  Rendered static_pages/contact.html.erb within layouts/application (0.7ms)
Completed 200 OK in 9ms (Views: 8.3ms | ActiveRecord: 0.0ms)


Started GET "/assets/static_pages.css?body=1" for 127.0.0.1 at 2018-04-17 13:50:10 -0400


Started GET "/assets/jquery_ujs.js?body=1" for 127.0.0.1 at 2018-04-17 13:50:10 -0400


Started GET "/assets/jquery.js?body=1" for 127.0.0.1 at 2018-04-17 13:50:10 -0400


Started GET "/assets/turbolinks.js?body=1" for 127.0.0.1 at 2018-04-17 13:50:10 -0400


Started GET "/assets/application.css?body=1" for 127.0.0.1 at 2018-04-17 13:50:10 -0400


Started GET "/assets/static_pages.js?body=1" for 127.0.0.1 at 2018-04-17 13:50:10 -0400


Started GET "/assets/application.js?body=1" for 127.0.0.1 at 2018-04-17 13:50:10 -0400


Started GET "/" for 127.0.0.1 at 2018-04-17 13:51:02 -0400
Processing by StaticPagesController#home as HTML
  Rendered static_pages/home.html.erb within layouts/application (0.1ms)
Completed 200 OK in 6ms (Views: 5.1ms | ActiveRecord: 0.0ms)


Started GET "/assets/static_pages.css?body=1" for 127.0.0.1 at 2018-04-17 13:51:02 -0400


Started GET "/assets/static_pages.js?body=1" for 127.0.0.1 at 2018-04-17 13:51:02 -0400


Started GET "/assets/jquery.js?body=1" for 127.0.0.1 at 2018-04-17 13:51:02 -0400


Started GET "/assets/application.css?body=1" for 127.0.0.1 at 2018-04-17 13:51:02 -0400


Started GET "/assets/jquery_ujs.js?body=1" for 127.0.0.1 at 2018-04-17 13:51:02 -0400


Started GET "/assets/turbolinks.js?body=1" for 127.0.0.1 at 2018-04-17 13:51:02 -0400


Started GET "/assets/application.js?body=1" for 127.0.0.1 at 2018-04-17 13:51:02 -0400


Started GET "/" for 127.0.0.1 at 2018-04-20 12:59:56 -0400
Processing by StaticPagesController#home as HTML
  Rendered static_pages/home.html.erb within layouts/application (11.9ms)
Completed 500 Internal Server Error in 82ms

SyntaxError (/Users/edima/Documents/Coding/web_projects/rails_practice/sample_app/app/views/layouts/application.html.erb:7: syntax error, unexpected ':', expecting =>
...       'data-turbolinks-track': 'reload' );@output_buffer.sa...
...                               ^
/Users/edima/Documents/Coding/web_projects/rails_practice/sample_app/app/views/layouts/application.html.erb:8: syntax error, unexpected ':', expecting ')'
...tion', 'data-turbolinks-track': 'reload' );@output_buffer.sa...
...                               ^):
  actionview (4.1.1) lib/action_view/template.rb:297:in `module_eval'
  actionview (4.1.1) lib/action_view/template.rb:297:in `compile'
  actionview (4.1.1) lib/action_view/template.rb:245:in `block (2 levels) in compile!'
  activesupport (4.1.1) lib/active_support/notifications.rb:161:in `instrument'
  actionview (4.1.1) lib/action_view/template.rb:339:in `instrument'
  actionview (4.1.1) lib/action_view/template.rb:244:in `block in compile!'
  actionview (4.1.1) lib/action_view/template.rb:232:in `synchronize'
  actionview (4.1.1) lib/action_view/template.rb:232:in `compile!'
  actionview (4.1.1) lib/action_view/template.rb:144:in `block in render'
  activesupport (4.1.1) lib/active_support/notifications.rb:161:in `instrument'
  actionview (4.1.1) lib/action_view/template.rb:339:in `instrument'
  actionview (4.1.1) lib/action_view/template.rb:143:in `render'
  actionview (4.1.1) lib/action_view/renderer/template_renderer.rb:67:in `render_with_layout'
  actionview (4.1.1) lib/action_view/renderer/template_renderer.rb:53:in `render_template'
  actionview (4.1.1) lib/action_view/renderer/template_renderer.rb:17:in `render'
  actionview (4.1.1) lib/action_view/renderer/renderer.rb:42:in `render_template'
  actionview (4.1.1) lib/action_view/renderer/renderer.rb:23:in `render'
  actionview (4.1.1) lib/action_view/rendering.rb:99:in `_render_template'
  actionpack (4.1.1) lib/action_controller/metal/streaming.rb:217:in `_render_template'
  actionview (4.1.1) lib/action_view/rendering.rb:82:in `render_to_body'
  actionpack (4.1.1) lib/action_controller/metal/rendering.rb:32:in `render_to_body'
  actionpack (4.1.1) lib/action_controller/metal/renderers.rb:32:in `render_to_body'
  actionpack (4.1.1) lib/abstract_controller/rendering.rb:25:in `render'
  actionpack (4.1.1) lib/action_controller/metal/rendering.rb:16:in `render'
  actionpack (4.1.1) lib/action_controller/metal/instrumentation.rb:41:in `block (2 levels) in render'
  activesupport (4.1.1) lib/active_support/core_ext/benchmark.rb:12:in `block in ms'
  /Users/edima/.rvm/rubies/ruby-2.1.1/lib/ruby/2.1.0/benchmark.rb:294:in `realtime'
  activesupport (4.1.1) lib/active_support/core_ext/benchmark.rb:12:in `ms'
  actionpack (4.1.1) lib/action_controller/metal/instrumentation.rb:41:in `block in render'
  actionpack (4.1.1) lib/action_controller/metal/instrumentation.rb:84:in `cleanup_view_runtime'
  activerecord (4.1.1) lib/active_record/railties/controller_runtime.rb:25:in `cleanup_view_runtime'
  actionpack (4.1.1) lib/action_controller/metal/instrumentation.rb:40:in `render'
  actionpack (4.1.1) lib/action_controller/metal/implicit_render.rb:10:in `default_render'
  actionpack (4.1.1) lib/action_controller/metal/implicit_render.rb:5:in `send_action'
  actionpack (4.1.1) lib/abstract_controller/base.rb:189:in `process_action'
  actionpack (4.1.1) lib/action_controller/metal/rendering.rb:10:in `process_action'
  actionpack (4.1.1) lib/abstract_controller/callbacks.rb:20:in `block in process_action'
  activesupport (4.1.1) lib/active_support/callbacks.rb:113:in `call'
  activesupport (4.1.1) lib/active_support/callbacks.rb:113:in `call'
  activesupport (4.1.1) lib/active_support/callbacks.rb:229:in `block in halting'
  activesupport (4.1.1) lib/active_support/callbacks.rb:229:in `call'
  activesupport (4.1.1) lib/active_support/callbacks.rb:229:in `block in halting'
  activesupport (4.1.1) lib/active_support/callbacks.rb:166:in `call'
  activesupport (4.1.1) lib/active_support/callbacks.rb:166:in `block in halting'
  activesupport (4.1.1) lib/active_support/callbacks.rb:166:in `call'
  activesupport (4.1.1) lib/active_support/callbacks.rb:166:in `block in halting'
  activesupport (4.1.1) lib/active_support/callbacks.rb:166:in `call'
  activesupport (4.1.1) lib/active_support/callbacks.rb:166:in `block in halting'
  activesupport (4.1.1) lib/active_support/callbacks.rb:86:in `call'
  activesupport (4.1.1) lib/active_support/callbacks.rb:86:in `run_callbacks'
  actionpack (4.1.1) lib/abstract_controller/callbacks.rb:19:in `process_action'
  actionpack (4.1.1) lib/action_controller/metal/rescue.rb:29:in `process_action'
  actionpack (4.1.1) lib/action_controller/metal/instrumentation.rb:31:in `block in process_action'
  activesupport (4.1.1) lib/active_support/notifications.rb:159:in `block in instrument'
  activesupport (4.1.1) lib/active_support/notifications/instrumenter.rb:20:in `instrument'
  activesupport (4.1.1) lib/active_support/notifications.rb:159:in `instrument'
  actionpack (4.1.1) lib/action_controller/metal/instrumentation.rb:30:in `process_action'
  actionpack (4.1.1) lib/action_controller/metal/params_wrapper.rb:250:in `process_action'
  activerecord (4.1.1) lib/active_record/railties/controller_runtime.rb:18:in `process_action'
  actionpack (4.1.1) lib/abstract_controller/base.rb:136:in `process'
  actionview (4.1.1) lib/action_view/rendering.rb:30:in `process'
  actionpack (4.1.1) lib/action_controller/metal.rb:195:in `dispatch'
  actionpack (4.1.1) lib/action_controller/metal/rack_delegation.rb:13:in `dispatch'
  actionpack (4.1.1) lib/action_controller/metal.rb:231:in `block in action'
  actionpack (4.1.1) lib/action_dispatch/routing/route_set.rb:80:in `call'
  actionpack (4.1.1) lib/action_dispatch/routing/route_set.rb:80:in `dispatch'
  actionpack (4.1.1) lib/action_dispatch/routing/route_set.rb:48:in `call'
  actionpack (4.1.1) lib/action_dispatch/journey/router.rb:71:in `block in call'
  actionpack (4.1.1) lib/action_dispatch/journey/router.rb:59:in `each'
  actionpack (4.1.1) lib/action_dispatch/journey/router.rb:59:in `call'
  actionpack (4.1.1) lib/action_dispatch/routing/route_set.rb:676:in `call'
  rack (1.5.2) lib/rack/etag.rb:23:in `call'
  rack (1.5.2) lib/rack/conditionalget.rb:25:in `call'
  rack (1.5.2) lib/rack/head.rb:11:in `call'
  actionpack (4.1.1) lib/action_dispatch/middleware/params_parser.rb:27:in `call'
  actionpack (4.1.1) lib/action_dispatch/middleware/flash.rb:254:in `call'
  rack (1.5.2) lib/rack/session/abstract/id.rb:225:in `context'
  rack (1.5.2) lib/rack/session/abstract/id.rb:220:in `call'
  actionpack (4.1.1) lib/action_dispatch/middleware/cookies.rb:560:in `call'
  activerecord (4.1.1) lib/active_record/query_cache.rb:36:in `call'
  activerecord (4.1.1) lib/active_record/connection_adapters/abstract/connection_pool.rb:621:in `call'
  activerecord (4.1.1) lib/active_record/migration.rb:380:in `call'
  actionpack (4.1.1) lib/action_dispatch/middleware/callbacks.rb:29:in `block in call'
  activesupport (4.1.1) lib/active_support/callbacks.rb:82:in `run_callbacks'
  actionpack (4.1.1) lib/action_dispatch/middleware/callbacks.rb:27:in `call'
  actionpack (4.1.1) lib/action_dispatch/middleware/reloader.rb:73:in `call'
  actionpack (4.1.1) lib/action_dispatch/middleware/remote_ip.rb:76:in `call'
  actionpack (4.1.1) lib/action_dispatch/middleware/debug_exceptions.rb:17:in `call'
  actionpack (4.1.1) lib/action_dispatch/middleware/show_exceptions.rb:30:in `call'
  railties (4.1.1) lib/rails/rack/logger.rb:38:in `call_app'
  railties (4.1.1) lib/rails/rack/logger.rb:20:in `block in call'
  activesupport (4.1.1) lib/active_support/tagged_logging.rb:68:in `block in tagged'
  activesupport (4.1.1) lib/active_support/tagged_logging.rb:26:in `tagged'
  activesupport (4.1.1) lib/active_support/tagged_logging.rb:68:in `tagged'
  railties (4.1.1) lib/rails/rack/logger.rb:20:in `call'
  actionpack (4.1.1) lib/action_dispatch/middleware/request_id.rb:21:in `call'
  rack (1.5.2) lib/rack/methodoverride.rb:21:in `call'
  rack (1.5.2) lib/rack/runtime.rb:17:in `call'
  activesupport (4.1.1) lib/active_support/cache/strategy/local_cache_middleware.rb:26:in `call'
  rack (1.5.2) lib/rack/lock.rb:17:in `call'
  actionpack (4.1.1) lib/action_dispatch/middleware/static.rb:64:in `call'
  rack (1.5.2) lib/rack/sendfile.rb:112:in `call'
  railties (4.1.1) lib/rails/engine.rb:514:in `call'
  railties (4.1.1) lib/rails/application.rb:144:in `call'
  rack (1.5.2) lib/rack/lock.rb:17:in `call'
  rack (1.5.2) lib/rack/content_length.rb:14:in `call'
  rack (1.5.2) lib/rack/handler/webrick.rb:60:in `service'
  /Users/edima/.rvm/rubies/ruby-2.1.1/lib/ruby/2.1.0/webrick/httpserver.rb:138:in `service'
  /Users/edima/.rvm/rubies/ruby-2.1.1/lib/ruby/2.1.0/webrick/httpserver.rb:94:in `run'
  /Users/edima/.rvm/rubies/ruby-2.1.1/lib/ruby/2.1.0/webrick/server.rb:295:in `block in start_thread'


  Rendered /Users/edima/.rvm/gems/ruby-2.1.1/gems/actionpack-4.1.1/lib/action_dispatch/middleware/templates/rescues/_source.erb (0.9ms)
  Rendered /Users/edima/.rvm/gems/ruby-2.1.1/gems/actionpack-4.1.1/lib/action_dispatch/middleware/templates/rescues/_trace.html.erb (1.3ms)
  Rendered /Users/edima/.rvm/gems/ruby-2.1.1/gems/actionpack-4.1.1/lib/action_dispatch/middleware/templates/rescues/_request_and_response.html.erb (1.3ms)
  Rendered /Users/edima/.rvm/gems/ruby-2.1.1/gems/actionpack-4.1.1/lib/action_dispatch/middleware/templates/rescues/diagnostics.erb within rescues/layout (26.8ms)


Started GET "/" for 127.0.0.1 at 2018-04-20 13:00:52 -0400
Processing by StaticPagesController#home as HTML
  Rendered static_pages/home.html.erb within layouts/application (5.3ms)
Completed 500 Internal Server Error in 9ms

SyntaxError (/Users/edima/Documents/Coding/web_projects/rails_practice/sample_app/app/views/layouts/application.html.erb:6: syntax error, unexpected ':', expecting =>
... 'all','data-turbolinks-track': 'reload' );@output_buffer.sa...
...                               ^
/Users/edima/Documents/Coding/web_projects/rails_practice/sample_app/app/views/layouts/application.html.erb:7: syntax error, unexpected ':', expecting ')'
...tion', 'data-turbolinks-track': 'reload' );@output_buffer.sa...
...                               ^):
  actionview (4.1.1) lib/action_view/template.rb:297:in `module_eval'
  actionview (4.1.1) lib/action_view/template.rb:297:in `compile'
  actionview (4.1.1) lib/action_view/template.rb:245:in `block (2 levels) in compile!'
  activesupport (4.1.1) lib/active_support/notifications.rb:161:in `instrument'
  actionview (4.1.1) lib/action_view/template.rb:339:in `instrument'
  actionview (4.1.1) lib/action_view/template.rb:244:in `block in compile!'
  actionview (4.1.1) lib/action_view/template.rb:232:in `synchronize'
  actionview (4.1.1) lib/action_view/template.rb:232:in `compile!'
  actionview (4.1.1) lib/action_view/template.rb:144:in `block in render'
  activesupport (4.1.1) lib/active_support/notifications.rb:161:in `instrument'
  actionview (4.1.1) lib/action_view/template.rb:339:in `instrument'
  actionview (4.1.1) lib/action_view/template.rb:143:in `render'
  actionview (4.1.1) lib/action_view/renderer/template_renderer.rb:67:in `render_with_layout'
  actionview (4.1.1) lib/action_view/renderer/template_renderer.rb:53:in `render_template'
  actionview (4.1.1) lib/action_view/renderer/template_renderer.rb:17:in `render'
  actionview (4.1.1) lib/action_view/renderer/renderer.rb:42:in `render_template'
  actionview (4.1.1) lib/action_view/renderer/renderer.rb:23:in `render'
  actionview (4.1.1) lib/action_view/rendering.rb:99:in `_render_template'
  actionpack (4.1.1) lib/action_controller/metal/streaming.rb:217:in `_render_template'
  actionview (4.1.1) lib/action_view/rendering.rb:82:in `render_to_body'
  actionpack (4.1.1) lib/action_controller/metal/rendering.rb:32:in `render_to_body'
  actionpack (4.1.1) lib/action_controller/metal/renderers.rb:32:in `render_to_body'
  actionpack (4.1.1) lib/abstract_controller/rendering.rb:25:in `render'
  actionpack (4.1.1) lib/action_controller/metal/rendering.rb:16:in `render'
  actionpack (4.1.1) lib/action_controller/metal/instrumentation.rb:41:in `block (2 levels) in render'
  activesupport (4.1.1) lib/active_support/core_ext/benchmark.rb:12:in `block in ms'
  /Users/edima/.rvm/rubies/ruby-2.1.1/lib/ruby/2.1.0/benchmark.rb:294:in `realtime'
  activesupport (4.1.1) lib/active_support/core_ext/benchmark.rb:12:in `ms'
  actionpack (4.1.1) lib/action_controller/metal/instrumentation.rb:41:in `block in render'
  actionpack (4.1.1) lib/action_controller/metal/instrumentation.rb:84:in `cleanup_view_runtime'
  activerecord (4.1.1) lib/active_record/railties/controller_runtime.rb:25:in `cleanup_view_runtime'
  actionpack (4.1.1) lib/action_controller/metal/instrumentation.rb:40:in `render'
  actionpack (4.1.1) lib/action_controller/metal/implicit_render.rb:10:in `default_render'
  actionpack (4.1.1) lib/action_controller/metal/implicit_render.rb:5:in `send_action'
  actionpack (4.1.1) lib/abstract_controller/base.rb:189:in `process_action'
  actionpack (4.1.1) lib/action_controller/metal/rendering.rb:10:in `process_action'
  actionpack (4.1.1) lib/abstract_controller/callbacks.rb:20:in `block in process_action'
  activesupport (4.1.1) lib/active_support/callbacks.rb:113:in `call'
  activesupport (4.1.1) lib/active_support/callbacks.rb:113:in `call'
  activesupport (4.1.1) lib/active_support/callbacks.rb:229:in `block in halting'
  activesupport (4.1.1) lib/active_support/callbacks.rb:229:in `call'
  activesupport (4.1.1) lib/active_support/callbacks.rb:229:in `block in halting'
  activesupport (4.1.1) lib/active_support/callbacks.rb:166:in `call'
  activesupport (4.1.1) lib/active_support/callbacks.rb:166:in `block in halting'
  activesupport (4.1.1) lib/active_support/callbacks.rb:166:in `call'
  activesupport (4.1.1) lib/active_support/callbacks.rb:166:in `block in halting'
  activesupport (4.1.1) lib/active_support/callbacks.rb:166:in `call'
  activesupport (4.1.1) lib/active_support/callbacks.rb:166:in `block in halting'
  activesupport (4.1.1) lib/active_support/callbacks.rb:86:in `call'
  activesupport (4.1.1) lib/active_support/callbacks.rb:86:in `run_callbacks'
  actionpack (4.1.1) lib/abstract_controller/callbacks.rb:19:in `process_action'
  actionpack (4.1.1) lib/action_controller/metal/rescue.rb:29:in `process_action'
  actionpack (4.1.1) lib/action_controller/metal/instrumentation.rb:31:in `block in process_action'
  activesupport (4.1.1) lib/active_support/notifications.rb:159:in `block in instrument'
  activesupport (4.1.1) lib/active_support/notifications/instrumenter.rb:20:in `instrument'
  activesupport (4.1.1) lib/active_support/notifications.rb:159:in `instrument'
  actionpack (4.1.1) lib/action_controller/metal/instrumentation.rb:30:in `process_action'
  actionpack (4.1.1) lib/action_controller/metal/params_wrapper.rb:250:in `process_action'
  activerecord (4.1.1) lib/active_record/railties/controller_runtime.rb:18:in `process_action'
  actionpack (4.1.1) lib/abstract_controller/base.rb:136:in `process'
  actionview (4.1.1) lib/action_view/rendering.rb:30:in `process'
  actionpack (4.1.1) lib/action_controller/metal.rb:195:in `dispatch'
  actionpack (4.1.1) lib/action_controller/metal/rack_delegation.rb:13:in `dispatch'
  actionpack (4.1.1) lib/action_controller/metal.rb:231:in `block in action'
  actionpack (4.1.1) lib/action_dispatch/routing/route_set.rb:80:in `call'
  actionpack (4.1.1) lib/action_dispatch/routing/route_set.rb:80:in `dispatch'
  actionpack (4.1.1) lib/action_dispatch/routing/route_set.rb:48:in `call'
  actionpack (4.1.1) lib/action_dispatch/journey/router.rb:71:in `block in call'
  actionpack (4.1.1) lib/action_dispatch/journey/router.rb:59:in `each'
  actionpack (4.1.1) lib/action_dispatch/journey/router.rb:59:in `call'
  actionpack (4.1.1) lib/action_dispatch/routing/route_set.rb:676:in `call'
  rack (1.5.2) lib/rack/etag.rb:23:in `call'
  rack (1.5.2) lib/rack/conditionalget.rb:25:in `call'
  rack (1.5.2) lib/rack/head.rb:11:in `call'
  actionpack (4.1.1) lib/action_dispatch/middleware/params_parser.rb:27:in `call'
  actionpack (4.1.1) lib/action_dispatch/middleware/flash.rb:254:in `call'
  rack (1.5.2) lib/rack/session/abstract/id.rb:225:in `context'
  rack (1.5.2) lib/rack/session/abstract/id.rb:220:in `call'
  actionpack (4.1.1) lib/action_dispatch/middleware/cookies.rb:560:in `call'
  activerecord (4.1.1) lib/active_record/query_cache.rb:36:in `call'
  activerecord (4.1.1) lib/active_record/connection_adapters/abstract/connection_pool.rb:621:in `call'
  activerecord (4.1.1) lib/active_record/migration.rb:380:in `call'
  actionpack (4.1.1) lib/action_dispatch/middleware/callbacks.rb:29:in `block in call'
  activesupport (4.1.1) lib/active_support/callbacks.rb:82:in `run_callbacks'
  actionpack (4.1.1) lib/action_dispatch/middleware/callbacks.rb:27:in `call'
  actionpack (4.1.1) lib/action_dispatch/middleware/reloader.rb:73:in `call'
  actionpack (4.1.1) lib/action_dispatch/middleware/remote_ip.rb:76:in `call'
  actionpack (4.1.1) lib/action_dispatch/middleware/debug_exceptions.rb:17:in `call'
  actionpack (4.1.1) lib/action_dispatch/middleware/show_exceptions.rb:30:in `call'
  railties (4.1.1) lib/rails/rack/logger.rb:38:in `call_app'
  railties (4.1.1) lib/rails/rack/logger.rb:20:in `block in call'
  activesupport (4.1.1) lib/active_support/tagged_logging.rb:68:in `block in tagged'
  activesupport (4.1.1) lib/active_support/tagged_logging.rb:26:in `tagged'
  activesupport (4.1.1) lib/active_support/tagged_logging.rb:68:in `tagged'
  railties (4.1.1) lib/rails/rack/logger.rb:20:in `call'
  actionpack (4.1.1) lib/action_dispatch/middleware/request_id.rb:21:in `call'
  rack (1.5.2) lib/rack/methodoverride.rb:21:in `call'
  rack (1.5.2) lib/rack/runtime.rb:17:in `call'
  activesupport (4.1.1) lib/active_support/cache/strategy/local_cache_middleware.rb:26:in `call'
  rack (1.5.2) lib/rack/lock.rb:17:in `call'
  actionpack (4.1.1) lib/action_dispatch/middleware/static.rb:64:in `call'
  rack (1.5.2) lib/rack/sendfile.rb:112:in `call'
  railties (4.1.1) lib/rails/engine.rb:514:in `call'
  railties (4.1.1) lib/rails/application.rb:144:in `call'
  rack (1.5.2) lib/rack/lock.rb:17:in `call'
  rack (1.5.2) lib/rack/content_length.rb:14:in `call'
  rack (1.5.2) lib/rack/handler/webrick.rb:60:in `service'
  /Users/edima/.rvm/rubies/ruby-2.1.1/lib/ruby/2.1.0/webrick/httpserver.rb:138:in `service'
  /Users/edima/.rvm/rubies/ruby-2.1.1/lib/ruby/2.1.0/webrick/httpserver.rb:94:in `run'
  /Users/edima/.rvm/rubies/ruby-2.1.1/lib/ruby/2.1.0/webrick/server.rb:295:in `block in start_thread'


  Rendered /Users/edima/.rvm/gems/ruby-2.1.1/gems/actionpack-4.1.1/lib/action_dispatch/middleware/templates/rescues/_source.erb (0.6ms)
  Rendered /Users/edima/.rvm/gems/ruby-2.1.1/gems/actionpack-4.1.1/lib/action_dispatch/middleware/templates/rescues/_trace.html.erb (1.6ms)
  Rendered /Users/edima/.rvm/gems/ruby-2.1.1/gems/actionpack-4.1.1/lib/action_dispatch/middleware/templates/rescues/_request_and_response.html.erb (0.9ms)
  Rendered /Users/edima/.rvm/gems/ruby-2.1.1/gems/actionpack-4.1.1/lib/action_dispatch/middleware/templates/rescues/diagnostics.erb within rescues/layout (17.7ms)


Started GET "/" for 127.0.0.1 at 2018-04-20 13:04:46 -0400
Processing by StaticPagesController#home as HTML
  Rendered static_pages/home.html.erb within layouts/application (5.4ms)
Completed 200 OK in 151ms (Views: 150.7ms | ActiveRecord: 0.0ms)


Started GET "/assets/application.css?body=1" for 127.0.0.1 at 2018-04-20 13:04:47 -0400


Started GET "/assets/jquery.js?body=1" for 127.0.0.1 at 2018-04-20 13:04:47 -0400


Started GET "/assets/jquery_ujs.js?body=1" for 127.0.0.1 at 2018-04-20 13:04:47 -0400


Started GET "/assets/static_pages.css?body=1" for 127.0.0.1 at 2018-04-20 13:04:47 -0400


Started GET "/assets/turbolinks.js?body=1" for 127.0.0.1 at 2018-04-20 13:04:47 -0400


Started GET "/assets/static_pages.js?body=1" for 127.0.0.1 at 2018-04-20 13:04:47 -0400


Started GET "/assets/application.js?body=1" for 127.0.0.1 at 2018-04-20 13:04:47 -0400


Started GET "/images/rails.png" for 127.0.0.1 at 2018-04-20 13:04:47 -0400

ActionController::RoutingError (No route matches [GET] "/images/rails.png"):
  actionpack (4.1.1) lib/action_dispatch/middleware/debug_exceptions.rb:21:in `call'
  actionpack (4.1.1) lib/action_dispatch/middleware/show_exceptions.rb:30:in `call'
  railties (4.1.1) lib/rails/rack/logger.rb:38:in `call_app'
  railties (4.1.1) lib/rails/rack/logger.rb:20:in `block in call'
  activesupport (4.1.1) lib/active_support/tagged_logging.rb:68:in `block in tagged'
  activesupport (4.1.1) lib/active_support/tagged_logging.rb:26:in `tagged'
  activesupport (4.1.1) lib/active_support/tagged_logging.rb:68:in `tagged'
  railties (4.1.1) lib/rails/rack/logger.rb:20:in `call'
  actionpack (4.1.1) lib/action_dispatch/middleware/request_id.rb:21:in `call'
  rack (1.5.2) lib/rack/methodoverride.rb:21:in `call'
  rack (1.5.2) lib/rack/runtime.rb:17:in `call'
  activesupport (4.1.1) lib/active_support/cache/strategy/local_cache_middleware.rb:26:in `call'
  rack (1.5.2) lib/rack/lock.rb:17:in `call'
  actionpack (4.1.1) lib/action_dispatch/middleware/static.rb:64:in `call'
  rack (1.5.2) lib/rack/sendfile.rb:112:in `call'
  railties (4.1.1) lib/rails/engine.rb:514:in `call'
  railties (4.1.1) lib/rails/application.rb:144:in `call'
  rack (1.5.2) lib/rack/lock.rb:17:in `call'
  rack (1.5.2) lib/rack/content_length.rb:14:in `call'
  rack (1.5.2) lib/rack/handler/webrick.rb:60:in `service'
  /Users/edima/.rvm/rubies/ruby-2.1.1/lib/ruby/2.1.0/webrick/httpserver.rb:138:in `service'
  /Users/edima/.rvm/rubies/ruby-2.1.1/lib/ruby/2.1.0/webrick/httpserver.rb:94:in `run'
  /Users/edima/.rvm/rubies/ruby-2.1.1/lib/ruby/2.1.0/webrick/server.rb:295:in `block in start_thread'


  Rendered /Users/edima/.rvm/gems/ruby-2.1.1/gems/actionpack-4.1.1/lib/action_dispatch/middleware/templates/rescues/_trace.html.erb (1.8ms)
  Rendered /Users/edima/.rvm/gems/ruby-2.1.1/gems/actionpack-4.1.1/lib/action_dispatch/middleware/templates/routes/_route.html.erb (1.8ms)
  Rendered /Users/edima/.rvm/gems/ruby-2.1.1/gems/actionpack-4.1.1/lib/action_dispatch/middleware/templates/routes/_table.html.erb (64.5ms)
  Rendered /Users/edima/.rvm/gems/ruby-2.1.1/gems/actionpack-4.1.1/lib/action_dispatch/middleware/templates/rescues/routing_error.html.erb within rescues/layout (100.6ms)


Started GET "/" for 127.0.0.1 at 2018-04-20 13:06:21 -0400
Processing by StaticPagesController#home as HTML
  Rendered static_pages/home.html.erb within layouts/application (3.1ms)
Completed 200 OK in 9ms (Views: 8.3ms | ActiveRecord: 0.0ms)


Started GET "/assets/static_pages.css?body=1" for 127.0.0.1 at 2018-04-20 13:06:21 -0400


Started GET "/assets/application.css?body=1" for 127.0.0.1 at 2018-04-20 13:06:21 -0400


Started GET "/assets/rails.png" for 127.0.0.1 at 2018-04-20 13:06:21 -0400


Started GET "/assets/static_pages.css?body=1" for 127.0.0.1 at 2018-04-20 13:06:43 -0400


Started GET "/assets/application.css?body=1" for 127.0.0.1 at 2018-04-20 13:06:43 -0400


Started GET "/" for 127.0.0.1 at 2018-05-01 12:52:43 -0400
Processing by StaticPagesController#home as HTML
  Rendered static_pages/home.html.erb within layouts/application (236.0ms)
Completed 200 OK in 10718ms (Views: 10677.3ms | ActiveRecord: 0.0ms)


Started GET "/assets/custom.self.css?body=1" for 127.0.0.1 at 2018-05-01 12:52:55 -0400


Started GET "/assets/static_pages.self.css?body=1" for 127.0.0.1 at 2018-05-01 12:52:55 -0400


Started GET "/assets/application.self.css?body=1" for 127.0.0.1 at 2018-05-01 12:52:55 -0400


Started GET "/assets/jquery.self.js?body=1" for 127.0.0.1 at 2018-05-01 12:52:55 -0400


Started GET "/assets/jquery_ujs.self.js?body=1" for 127.0.0.1 at 2018-05-01 12:52:55 -0400


Started GET "/assets/turbolinks.self.js?body=1" for 127.0.0.1 at 2018-05-01 12:52:55 -0400


Started GET "/assets/static_pages.self.js?body=1" for 127.0.0.1 at 2018-05-01 12:52:55 -0400


Started GET "/assets/application.self.js?body=1" for 127.0.0.1 at 2018-05-01 12:52:55 -0400


Started GET "/assets/rails.png" for 127.0.0.1 at 2018-05-01 12:52:55 -0400


Started GET "/" for 127.0.0.1 at 2018-05-01 12:54:33 -0400
Processing by StaticPagesController#home as HTML
  Rendered static_pages/home.html.erb within layouts/application (2.4ms)
Completed 200 OK in 2991ms (Views: 2989.9ms | ActiveRecord: 0.0ms)


Started GET "/assets/static_pages.self.css?body=1" for 127.0.0.1 at 2018-05-01 12:54:36 -0400


Started GET "/assets/jquery.self.js?body=1" for 127.0.0.1 at 2018-05-01 12:54:36 -0400


Started GET "/assets/jquery_ujs.self.js?body=1" for 127.0.0.1 at 2018-05-01 12:54:36 -0400


Started GET "/assets/turbolinks.self.js?body=1" for 127.0.0.1 at 2018-05-01 12:54:36 -0400


Started GET "/assets/application.self.css?body=1" for 127.0.0.1 at 2018-05-01 12:54:36 -0400


Started GET "/assets/static_pages.self.js?body=1" for 127.0.0.1 at 2018-05-01 12:54:36 -0400


Started GET "/assets/application.self.js?body=1" for 127.0.0.1 at 2018-05-01 12:54:36 -0400


Started GET "/assets/custom.self.css?body=1" for 127.0.0.1 at 2018-05-01 12:54:36 -0400


Started GET "/assets/rails.png" for 127.0.0.1 at 2018-05-01 12:54:36 -0400


Started GET "/" for 127.0.0.1 at 2018-05-01 12:56:01 -0400
Processing by StaticPagesController#home as HTML
  Rendered static_pages/home.html.erb within layouts/application (1.9ms)
Completed 200 OK in 3056ms (Views: 3055.4ms | ActiveRecord: 0.0ms)


Started GET "/assets/application.self.css?body=1" for 127.0.0.1 at 2018-05-01 12:56:04 -0400


Started GET "/assets/static_pages.self.css?body=1" for 127.0.0.1 at 2018-05-01 12:56:04 -0400


Started GET "/assets/jquery.self.js?body=1" for 127.0.0.1 at 2018-05-01 12:56:04 -0400


Started GET "/assets/jquery_ujs.self.js?body=1" for 127.0.0.1 at 2018-05-01 12:56:04 -0400


Started GET "/assets/turbolinks.self.js?body=1" for 127.0.0.1 at 2018-05-01 12:56:04 -0400


Started GET "/assets/static_pages.self.js?body=1" for 127.0.0.1 at 2018-05-01 12:56:04 -0400


Started GET "/assets/application.self.js?body=1" for 127.0.0.1 at 2018-05-01 12:56:04 -0400


Started GET "/assets/custom.self.css?body=1" for 127.0.0.1 at 2018-05-01 12:56:04 -0400


Started GET "/assets/rails.png" for 127.0.0.1 at 2018-05-01 12:56:04 -0400


Started GET "/" for 127.0.0.1 at 2018-05-01 12:57:40 -0400
Processing by StaticPagesController#home as HTML
  Rendered static_pages/home.html.erb within layouts/application (2.5ms)
Completed 200 OK in 3112ms (Views: 3111.7ms | ActiveRecord: 0.0ms)


Started GET "/assets/static_pages.self.css?body=1" for 127.0.0.1 at 2018-05-01 12:57:43 -0400


Started GET "/assets/application.self.css?body=1" for 127.0.0.1 at 2018-05-01 12:57:43 -0400


Started GET "/assets/jquery_ujs.self.js?body=1" for 127.0.0.1 at 2018-05-01 12:57:43 -0400


Started GET "/assets/jquery.self.js?body=1" for 127.0.0.1 at 2018-05-01 12:57:43 -0400


Started GET "/assets/turbolinks.self.js?body=1" for 127.0.0.1 at 2018-05-01 12:57:43 -0400


Started GET "/assets/static_pages.self.js?body=1" for 127.0.0.1 at 2018-05-01 12:57:43 -0400


Started GET "/assets/application.self.js?body=1" for 127.0.0.1 at 2018-05-01 12:57:43 -0400


Started GET "/assets/custom.self.css?body=1" for 127.0.0.1 at 2018-05-01 12:57:43 -0400


Started GET "/assets/rails.png" for 127.0.0.1 at 2018-05-01 12:57:43 -0400


Started GET "/" for 127.0.0.1 at 2018-05-01 13:08:17 -0400
Processing by StaticPagesController#home as HTML
  Rendered static_pages/home.html.erb within layouts/application (1.7ms)
  Rendered layouts/_shim.html.erb (0.4ms)
  Rendered layouts/_header.html.erb (1.0ms)
Completed 200 OK in 120ms (Views: 119.2ms | ActiveRecord: 0.0ms)


Started GET "/assets/static_pages.self.css?body=1" for 127.0.0.1 at 2018-05-01 13:08:17 -0400


Started GET "/assets/jquery_ujs.self.js?body=1" for 127.0.0.1 at 2018-05-01 13:08:17 -0400


Started GET "/assets/application.self.css?body=1" for 127.0.0.1 at 2018-05-01 13:08:17 -0400


Started GET "/assets/jquery.self.js?body=1" for 127.0.0.1 at 2018-05-01 13:08:17 -0400


Started GET "/assets/turbolinks.self.js?body=1" for 127.0.0.1 at 2018-05-01 13:08:17 -0400


Started GET "/assets/custom.self.css?body=1" for 127.0.0.1 at 2018-05-01 13:08:17 -0400


Started GET "/assets/static_pages.self.js?body=1" for 127.0.0.1 at 2018-05-01 13:08:17 -0400


Started GET "/assets/application.self.js?body=1" for 127.0.0.1 at 2018-05-01 13:08:17 -0400


Started GET "/assets/rails.png" for 127.0.0.1 at 2018-05-01 13:08:17 -0400


Started GET "/" for 127.0.0.1 at 2018-05-01 13:08:58 -0400
Processing by StaticPagesController#home as HTML
  Rendered static_pages/home.html.erb within layouts/application (2.6ms)
  Rendered layouts/_shim.html.erb (0.1ms)
  Rendered layouts/_header.html.erb (0.3ms)
  Rendered layouts/_footer.html.erb (0.7ms)
Completed 200 OK in 112ms (Views: 111.7ms | ActiveRecord: 0.0ms)


Started GET "/assets/custom.self.css?body=1" for 127.0.0.1 at 2018-05-01 13:08:58 -0400


Started GET "/assets/application.self.css?body=1" for 127.0.0.1 at 2018-05-01 13:08:58 -0400


Started GET "/assets/static_pages.self.css?body=1" for 127.0.0.1 at 2018-05-01 13:08:58 -0400


Started GET "/assets/jquery.self.js?body=1" for 127.0.0.1 at 2018-05-01 13:08:58 -0400


Started GET "/assets/jquery_ujs.self.js?body=1" for 127.0.0.1 at 2018-05-01 13:08:58 -0400


Started GET "/assets/turbolinks.self.js?body=1" for 127.0.0.1 at 2018-05-01 13:08:58 -0400


Started GET "/assets/application.self.js?body=1" for 127.0.0.1 at 2018-05-01 13:08:58 -0400


Started GET "/assets/static_pages.self.js?body=1" for 127.0.0.1 at 2018-05-01 13:08:58 -0400


Started GET "/assets/rails.png" for 127.0.0.1 at 2018-05-01 13:08:58 -0400


Started GET "/" for 127.0.0.1 at 2018-05-01 13:10:00 -0400
Processing by StaticPagesController#home as HTML
  Rendered static_pages/home.html.erb within layouts/application (2.7ms)
  Rendered layouts/_shim.html.erb (0.1ms)
  Rendered layouts/_header.html.erb (0.3ms)
  Rendered layouts/_footer.html.erb (0.2ms)
Completed 200 OK in 3175ms (Views: 3174.3ms | ActiveRecord: 0.0ms)


Started GET "/assets/static_pages.self.css?body=1" for 127.0.0.1 at 2018-05-01 13:10:03 -0400


Started GET "/assets/jquery.self.js?body=1" for 127.0.0.1 at 2018-05-01 13:10:03 -0400


Started GET "/assets/jquery_ujs.self.js?body=1" for 127.0.0.1 at 2018-05-01 13:10:03 -0400


Started GET "/assets/application.self.css?body=1" for 127.0.0.1 at 2018-05-01 13:10:03 -0400


Started GET "/assets/static_pages.self.js?body=1" for 127.0.0.1 at 2018-05-01 13:10:03 -0400


Started GET "/assets/turbolinks.self.js?body=1" for 127.0.0.1 at 2018-05-01 13:10:03 -0400


Started GET "/assets/application.self.js?body=1" for 127.0.0.1 at 2018-05-01 13:10:03 -0400


Started GET "/assets/custom.self.css?body=1" for 127.0.0.1 at 2018-05-01 13:10:03 -0400


Started GET "/assets/rails.png" for 127.0.0.1 at 2018-05-01 13:10:03 -0400


Started GET "/" for 127.0.0.1 at 2018-05-01 13:10:49 -0400
Processing by StaticPagesController#home as HTML
  Rendered static_pages/home.html.erb within layouts/application (2.4ms)
  Rendered layouts/_shim.html.erb (0.1ms)
  Rendered layouts/_header.html.erb (0.3ms)
  Rendered layouts/_footer.html.erb (0.1ms)
Completed 200 OK in 90ms (Views: 88.8ms | ActiveRecord: 0.0ms)


Started GET "/assets/static_pages.self.css?body=1" for 127.0.0.1 at 2018-05-01 13:10:49 -0400


Started GET "/assets/application.self.css?body=1" for 127.0.0.1 at 2018-05-01 13:10:49 -0400


Started GET "/assets/jquery.self.js?body=1" for 127.0.0.1 at 2018-05-01 13:10:49 -0400


Started GET "/assets/jquery_ujs.self.js?body=1" for 127.0.0.1 at 2018-05-01 13:10:50 -0400


Started GET "/assets/turbolinks.self.js?body=1" for 127.0.0.1 at 2018-05-01 13:10:50 -0400


Started GET "/assets/static_pages.self.js?body=1" for 127.0.0.1 at 2018-05-01 13:10:50 -0400


Started GET "/assets/application.self.js?body=1" for 127.0.0.1 at 2018-05-01 13:10:50 -0400


Started GET "/assets/custom.self.css?body=1" for 127.0.0.1 at 2018-05-01 13:10:50 -0400


Started GET "/assets/rails.png" for 127.0.0.1 at 2018-05-01 13:10:50 -0400


Started GET "/" for 127.0.0.1 at 2018-05-01 14:01:14 -0400
Processing by StaticPagesController#home as HTML
  Rendered static_pages/home.html.erb within layouts/application (17.6ms)
  Rendered layouts/_rails_default.html.erb (0.3ms)
  Rendered layouts/_shim.html.erb (0.1ms)
  Rendered layouts/_header.html.erb (0.2ms)
  Rendered layouts/_footer.html.erb (0.2ms)
Completed 200 OK in 3887ms (Views: 3886.6ms | ActiveRecord: 0.0ms)


Started GET "/assets/static_pages.self.css?body=1" for 127.0.0.1 at 2018-05-01 14:01:18 -0400


Started GET "/assets/jquery_ujs.self.js?body=1" for 127.0.0.1 at 2018-05-01 14:01:18 -0400


Started GET "/assets/jquery.self.js?body=1" for 127.0.0.1 at 2018-05-01 14:01:18 -0400


Started GET "/assets/turbolinks.self.js?body=1" for 127.0.0.1 at 2018-05-01 14:01:18 -0400


Started GET "/assets/application.self.css?body=1" for 127.0.0.1 at 2018-05-01 14:01:18 -0400


Started GET "/assets/static_pages.self.js?body=1" for 127.0.0.1 at 2018-05-01 14:01:18 -0400


Started GET "/assets/custom.self.css?body=1" for 127.0.0.1 at 2018-05-01 14:01:18 -0400


Started GET "/assets/application.self.js?body=1" for 127.0.0.1 at 2018-05-01 14:01:18 -0400


Started GET "/assets/rails.png" for 127.0.0.1 at 2018-05-01 14:01:19 -0400


Started GET "/" for 127.0.0.1 at 2018-05-01 14:05:18 -0400
Processing by StaticPagesController#home as HTML
  Rendered static_pages/home.html.erb within layouts/application (23.5ms)
  Rendered layouts/_rails_default.html.erb (0.1ms)
  Rendered layouts/_shim.html.erb (3.4ms)
  Rendered layouts/_header.html.erb (46.4ms)
Completed 500 Internal Server Error in 258ms

ActionView::Template::Error (undefined local variable or method `root' for #<#<Class:0x000001103d78c0>:0x000001103d6f38>):
    3:     <%= link_to "sample app", '#', id: "logo" %>
    4:     <nav>
    5:       <ul class="nav navbar-nav navbar-right">
    6:         <li><%= link_to "Home",   root %></li>
    7:         <li><%= link_to "Help",   '#' %></li>
    8:         <li><%= link_to "Log in", '#' %></li>
    9:       </ul>
  app/views/layouts/_header.html.erb:6:in `_app_views_layouts__header_html_erb___3390682669215552149_2284229460'
  app/views/layouts/application.html.erb:13:in `_app_views_layouts_application_html_erb___2414369746546577232_2251839480'


  Rendered /Users/edima/.rvm/gems/ruby-2.1.1/gems/actionpack-4.1.1/lib/action_dispatch/middleware/templates/rescues/_trace.html.erb (2.3ms)
  Rendered /Users/edima/.rvm/gems/ruby-2.1.1/gems/actionpack-4.1.1/lib/action_dispatch/middleware/templates/rescues/_request_and_response.html.erb (1.2ms)
  Rendered /Users/edima/.rvm/gems/ruby-2.1.1/gems/actionpack-4.1.1/lib/action_dispatch/middleware/templates/rescues/template_error.html.erb within rescues/layout (23.4ms)


Started GET "/" for 127.0.0.1 at 2018-05-01 14:05:56 -0400
Processing by StaticPagesController#home as HTML
  Rendered static_pages/home.html.erb within layouts/application (23.8ms)
  Rendered layouts/_rails_default.html.erb (0.1ms)
  Rendered layouts/_shim.html.erb (0.1ms)
  Rendered layouts/_header.html.erb (21.3ms)
Completed 500 Internal Server Error in 220ms

ActionView::Template::Error (undefined local variable or method `home' for #<#<Class:0x000001103d78c0>:0x00000110d988a0>):
    1: <header class="navbar navbar-fixed-top navbar-inverse">
    2:   <div class="container">
    3:     <%= link_to "sample app", home, id: "logo" %>
    4:     <nav>
    5:       <ul class="nav navbar-nav navbar-right">
    6:         <li><%= link_to "Home",   home %></li>
  app/views/layouts/_header.html.erb:3:in `_app_views_layouts__header_html_erb___3390682669215552149_2299118080'
  app/views/layouts/application.html.erb:13:in `_app_views_layouts_application_html_erb___2414369746546577232_2251839480'


  Rendered /Users/edima/.rvm/gems/ruby-2.1.1/gems/actionpack-4.1.1/lib/action_dispatch/middleware/templates/rescues/_trace.html.erb (1.3ms)
  Rendered /Users/edima/.rvm/gems/ruby-2.1.1/gems/actionpack-4.1.1/lib/action_dispatch/middleware/templates/rescues/_request_and_response.html.erb (1.0ms)
  Rendered /Users/edima/.rvm/gems/ruby-2.1.1/gems/actionpack-4.1.1/lib/action_dispatch/middleware/templates/rescues/template_error.html.erb within rescues/layout (19.0ms)


Started GET "/" for 127.0.0.1 at 2018-05-01 14:11:00 -0400
Processing by StaticPagesController#home as HTML
  Rendered static_pages/home.html.erb within layouts/application (38.3ms)
  Rendered layouts/_rails_default.html.erb (0.2ms)
  Rendered layouts/_shim.html.erb (0.2ms)
  Rendered layouts/_header.html.erb (3.4ms)
  Rendered layouts/_footer.html.erb (0.3ms)
Completed 200 OK in 327ms (Views: 320.5ms | ActiveRecord: 0.0ms)


Started GET "/assets/custom.self.css?body=1" for 127.0.0.1 at 2018-05-01 14:11:01 -0400


Started GET "/assets/static_pages.self.css?body=1" for 127.0.0.1 at 2018-05-01 14:11:01 -0400


Started GET "/assets/application.self.css?body=1" for 127.0.0.1 at 2018-05-01 14:11:01 -0400


Started GET "/assets/jquery.self.js?body=1" for 127.0.0.1 at 2018-05-01 14:11:01 -0400


Started GET "/assets/turbolinks.self.js?body=1" for 127.0.0.1 at 2018-05-01 14:11:01 -0400


Started GET "/assets/jquery_ujs.self.js?body=1" for 127.0.0.1 at 2018-05-01 14:11:01 -0400


Started GET "/assets/application.self.js?body=1" for 127.0.0.1 at 2018-05-01 14:11:01 -0400


Started GET "/assets/static_pages.self.js?body=1" for 127.0.0.1 at 2018-05-01 14:11:01 -0400


Started GET "/assets/rails.png" for 127.0.0.1 at 2018-05-01 14:11:01 -0400


Started GET "/" for 127.0.0.1 at 2018-05-01 14:11:15 -0400
Processing by StaticPagesController#home as HTML
  Rendered static_pages/home.html.erb within layouts/application (6.7ms)
  Rendered layouts/_rails_default.html.erb (0.1ms)
  Rendered layouts/_shim.html.erb (0.1ms)
  Rendered layouts/_header.html.erb (1.2ms)
  Rendered layouts/_footer.html.erb (0.1ms)
Completed 200 OK in 129ms (Views: 127.7ms | ActiveRecord: 0.0ms)


Started GET "/home" for 127.0.0.1 at 2018-05-01 14:11:22 -0400

ActionController::RoutingError (No route matches [GET] "/home"):
  actionpack (4.1.1) lib/action_dispatch/middleware/debug_exceptions.rb:21:in `call'
  actionpack (4.1.1) lib/action_dispatch/middleware/show_exceptions.rb:30:in `call'
  railties (4.1.1) lib/rails/rack/logger.rb:38:in `call_app'
  railties (4.1.1) lib/rails/rack/logger.rb:20:in `block in call'
  activesupport (4.1.1) lib/active_support/tagged_logging.rb:68:in `block in tagged'
  activesupport (4.1.1) lib/active_support/tagged_logging.rb:26:in `tagged'
  activesupport (4.1.1) lib/active_support/tagged_logging.rb:68:in `tagged'
  railties (4.1.1) lib/rails/rack/logger.rb:20:in `call'
  actionpack (4.1.1) lib/action_dispatch/middleware/request_id.rb:21:in `call'
  rack (1.5.5) lib/rack/methodoverride.rb:21:in `call'
  rack (1.5.5) lib/rack/runtime.rb:17:in `call'
  activesupport (4.1.1) lib/active_support/cache/strategy/local_cache_middleware.rb:26:in `call'
  rack (1.5.5) lib/rack/lock.rb:17:in `call'
  actionpack (4.1.1) lib/action_dispatch/middleware/static.rb:64:in `call'
  rack (1.5.5) lib/rack/sendfile.rb:112:in `call'
  railties (4.1.1) lib/rails/engine.rb:514:in `call'
  railties (4.1.1) lib/rails/application.rb:144:in `call'
  rack (1.5.5) lib/rack/lock.rb:17:in `call'
  rack (1.5.5) lib/rack/content_length.rb:14:in `call'
  rack (1.5.5) lib/rack/handler/webrick.rb:60:in `service'
  /Users/edima/.rvm/rubies/ruby-2.1.1/lib/ruby/2.1.0/webrick/httpserver.rb:138:in `service'
  /Users/edima/.rvm/rubies/ruby-2.1.1/lib/ruby/2.1.0/webrick/httpserver.rb:94:in `run'
  /Users/edima/.rvm/rubies/ruby-2.1.1/lib/ruby/2.1.0/webrick/server.rb:295:in `block in start_thread'


  Rendered /Users/edima/.rvm/gems/ruby-2.1.1/gems/actionpack-4.1.1/lib/action_dispatch/middleware/templates/rescues/_trace.html.erb (2.4ms)
  Rendered /Users/edima/.rvm/gems/ruby-2.1.1/gems/actionpack-4.1.1/lib/action_dispatch/middleware/templates/routes/_route.html.erb (2.4ms)
  Rendered /Users/edima/.rvm/gems/ruby-2.1.1/gems/actionpack-4.1.1/lib/action_dispatch/middleware/templates/routes/_table.html.erb (77.3ms)
  Rendered /Users/edima/.rvm/gems/ruby-2.1.1/gems/actionpack-4.1.1/lib/action_dispatch/middleware/templates/rescues/routing_error.html.erb within rescues/layout (106.5ms)


Started GET "/help" for 127.0.0.1 at 2018-05-01 14:12:04 -0400
Processing by StaticPagesController#help as HTML
  Rendered static_pages/help.html.erb within layouts/application (0.6ms)
  Rendered layouts/_rails_default.html.erb (0.1ms)
  Rendered layouts/_shim.html.erb (0.1ms)
  Rendered layouts/_header.html.erb (1.4ms)
  Rendered layouts/_footer.html.erb (0.1ms)
Completed 200 OK in 168ms (Views: 166.8ms | ActiveRecord: 0.0ms)


Started GET "/assets/static_pages.self.css?body=1" for 127.0.0.1 at 2018-05-01 14:12:05 -0400


Started GET "/assets/application.self.css?body=1" for 127.0.0.1 at 2018-05-01 14:12:05 -0400


Started GET "/assets/jquery.self.js?body=1" for 127.0.0.1 at 2018-05-01 14:12:05 -0400


Started GET "/assets/jquery_ujs.self.js?body=1" for 127.0.0.1 at 2018-05-01 14:12:05 -0400


Started GET "/assets/turbolinks.self.js?body=1" for 127.0.0.1 at 2018-05-01 14:12:05 -0400


Started GET "/assets/static_pages.self.js?body=1" for 127.0.0.1 at 2018-05-01 14:12:05 -0400


Started GET "/assets/application.self.js?body=1" for 127.0.0.1 at 2018-05-01 14:12:05 -0400


Started GET "/assets/custom.self.css?body=1" for 127.0.0.1 at 2018-05-01 14:12:05 -0400


Started GET "/home" for 127.0.0.1 at 2018-05-01 14:13:00 -0400
Processing by StaticPagesController#home as HTML
  Rendered static_pages/home.html.erb within layouts/application (2.6ms)
  Rendered layouts/_rails_default.html.erb (0.1ms)
  Rendered layouts/_shim.html.erb (0.1ms)
  Rendered layouts/_header.html.erb (0.3ms)
  Rendered layouts/_footer.html.erb (0.1ms)
Completed 200 OK in 117ms (Views: 115.6ms | ActiveRecord: 0.0ms)


Started GET "/assets/rails.png" for 127.0.0.1 at 2018-05-01 14:13:00 -0400


Started GET "/home" for 127.0.0.1 at 2018-05-01 14:13:02 -0400
Processing by StaticPagesController#home as HTML
  Rendered static_pages/home.html.erb within layouts/application (8.2ms)
  Rendered layouts/_rails_default.html.erb (0.1ms)
  Rendered layouts/_shim.html.erb (0.1ms)
  Rendered layouts/_header.html.erb (1.3ms)
  Rendered layouts/_footer.html.erb (0.2ms)
Completed 200 OK in 191ms (Views: 190.1ms | ActiveRecord: 0.0ms)


Started GET "/home" for 127.0.0.1 at 2018-05-01 14:13:04 -0400
Processing by StaticPagesController#home as HTML
  Rendered static_pages/home.html.erb within layouts/application (10.9ms)
  Rendered layouts/_rails_default.html.erb (0.1ms)
  Rendered layouts/_shim.html.erb (0.1ms)
  Rendered layouts/_header.html.erb (0.3ms)
  Rendered layouts/_footer.html.erb (0.2ms)
Completed 200 OK in 559ms (Views: 558.3ms | ActiveRecord: 0.0ms)


Started GET "/home" for 127.0.0.1 at 2018-05-01 14:15:12 -0400
Processing by StaticPagesController#home as HTML
  Rendered static_pages/home.html.erb within layouts/application (3.3ms)
  Rendered layouts/_rails_default.html.erb (0.1ms)
  Rendered layouts/_shim.html.erb (0.1ms)
  Rendered layouts/_header.html.erb (0.1ms)
  Rendered layouts/_footer.html.erb (0.6ms)
Completed 200 OK in 236ms (Views: 235.1ms | ActiveRecord: 0.0ms)


Started GET "/about" for 127.0.0.1 at 2018-05-01 14:15:26 -0400
Processing by StaticPagesController#about as HTML
  Rendered static_pages/about.html.erb within layouts/application (0.7ms)
  Rendered layouts/_rails_default.html.erb (0.1ms)
  Rendered layouts/_shim.html.erb (0.1ms)
  Rendered layouts/_header.html.erb (0.3ms)
  Rendered layouts/_footer.html.erb (0.5ms)
Completed 200 OK in 129ms (Views: 127.8ms | ActiveRecord: 0.0ms)


Started GET "/contact" for 127.0.0.1 at 2018-05-01 14:15:29 -0400
Processing by StaticPagesController#contact as HTML
  Rendered static_pages/contact.html.erb within layouts/application (0.6ms)
  Rendered layouts/_rails_default.html.erb (0.1ms)
  Rendered layouts/_shim.html.erb (0.1ms)
  Rendered layouts/_header.html.erb (0.2ms)
  Rendered layouts/_footer.html.erb (0.2ms)
Completed 200 OK in 142ms (Views: 140.9ms | ActiveRecord: 0.0ms)


Started GET "/home" for 127.0.0.1 at 2018-05-01 14:15:31 -0400
Processing by StaticPagesController#home as HTML
  Rendered static_pages/home.html.erb within layouts/application (4.8ms)
  Rendered layouts/_rails_default.html.erb (0.1ms)
  Rendered layouts/_shim.html.erb (0.1ms)
  Rendered layouts/_header.html.erb (0.4ms)
  Rendered layouts/_footer.html.erb (0.2ms)
Completed 200 OK in 152ms (Views: 151.0ms | ActiveRecord: 0.0ms)


Started GET "/home" for 127.0.0.1 at 2018-05-01 14:41:28 -0400
Processing by StaticPagesController#home as HTML
  Rendered static_pages/home.html.erb within layouts/application (23.2ms)
  Rendered layouts/_rails_default.html.erb (0.1ms)
  Rendered layouts/_shim.html.erb (0.1ms)
  Rendered layouts/_header.html.erb (0.3ms)
  Rendered layouts/_footer.html.erb (0.1ms)
Completed 200 OK in 1103ms (Views: 1102.5ms | ActiveRecord: 0.0ms)


Started GET "/assets/users.self.js?body=1" for 127.0.0.1 at 2018-05-01 14:41:29 -0400


Started GET "/assets/users.self.css?body=1" for 127.0.0.1 at 2018-05-01 14:41:29 -0400


Started GET "/signup" for 127.0.0.1 at 2018-05-01 18:32:56 -0400
Processing by UsersController#new as HTML
  Rendered users/new.html.erb within layouts/application (2.6ms)
  Rendered layouts/_rails_default.html.erb (0.2ms)
  Rendered layouts/_shim.html.erb (0.1ms)
  Rendered layouts/_header.html.erb (0.9ms)
  Rendered layouts/_footer.html.erb (0.2ms)
Completed 200 OK in 1183ms (Views: 1176.7ms | ActiveRecord: 0.0ms)


Started GET "/assets/users.self.css?body=1" for 127.0.0.1 at 2018-05-01 18:32:57 -0400


Started GET "/assets/custom.self.css?body=1" for 127.0.0.1 at 2018-05-01 18:32:57 -0400


Started GET "/assets/users.self.js?body=1" for 127.0.0.1 at 2018-05-01 18:32:57 -0400


Started GET "/assets/static_pages.self.css?body=1" for 127.0.0.1 at 2018-05-01 18:32:57 -0400


Started GET "/assets/application.self.css?body=1" for 127.0.0.1 at 2018-05-01 18:32:57 -0400


Started GET "/assets/jquery.self.js?body=1" for 127.0.0.1 at 2018-05-01 18:32:57 -0400


Started GET "/assets/jquery_ujs.self.js?body=1" for 127.0.0.1 at 2018-05-01 18:32:57 -0400


Started GET "/assets/static_pages.self.js?body=1" for 127.0.0.1 at 2018-05-01 18:32:57 -0400


Started GET "/assets/turbolinks.self.js?body=1" for 127.0.0.1 at 2018-05-01 18:32:57 -0400


Started GET "/assets/application.self.js?body=1" for 127.0.0.1 at 2018-05-01 18:32:57 -0400


Started GET "/assets/users.self.css?body=1" for 127.0.0.1 at 2018-05-01 18:33:02 -0400


Started GET "/home" for 127.0.0.1 at 2018-05-01 18:33:51 -0400
Processing by StaticPagesController#home as HTML
  Rendered static_pages/home.html.erb within layouts/application (26.9ms)
  Rendered layouts/_rails_default.html.erb (0.1ms)
  Rendered layouts/_shim.html.erb (0.1ms)
  Rendered layouts/_header.html.erb (0.4ms)
  Rendered layouts/_footer.html.erb (0.2ms)
Completed 200 OK in 367ms (Views: 365.7ms | ActiveRecord: 0.0ms)


Started GET "/assets/static_pages.self.css?body=1" for 127.0.0.1 at 2018-05-01 18:33:51 -0400


Started GET "/assets/users.self.css?body=1" for 127.0.0.1 at 2018-05-01 18:33:51 -0400


Started GET "/assets/custom.self.css?body=1" for 127.0.0.1 at 2018-05-01 18:33:51 -0400


Started GET "/assets/application.self.css?body=1" for 127.0.0.1 at 2018-05-01 18:33:51 -0400


Started GET "/assets/jquery_ujs.self.js?body=1" for 127.0.0.1 at 2018-05-01 18:33:51 -0400


Started GET "/assets/jquery.self.js?body=1" for 127.0.0.1 at 2018-05-01 18:33:52 -0400


Started GET "/assets/turbolinks.self.js?body=1" for 127.0.0.1 at 2018-05-01 18:33:52 -0400


Started GET "/assets/static_pages.self.js?body=1" for 127.0.0.1 at 2018-05-01 18:33:52 -0400


Started GET "/assets/application.self.js?body=1" for 127.0.0.1 at 2018-05-01 18:33:52 -0400


Started GET "/assets/users.self.js?body=1" for 127.0.0.1 at 2018-05-01 18:33:52 -0400


Started GET "/assets/rails.png" for 127.0.0.1 at 2018-05-01 18:33:52 -0400


Started GET "/home" for 127.0.0.1 at 2018-05-01 18:33:53 -0400
Processing by StaticPagesController#home as HTML
  Rendered static_pages/home.html.erb within layouts/application (10.6ms)
  Rendered layouts/_rails_default.html.erb (0.1ms)
  Rendered layouts/_shim.html.erb (0.1ms)
  Rendered layouts/_header.html.erb (0.3ms)
  Rendered layouts/_footer.html.erb (0.2ms)
Completed 200 OK in 171ms (Views: 169.1ms | ActiveRecord: 0.0ms)


Started GET "/new" for 127.0.0.1 at 2018-05-01 18:33:55 -0400

ActionController::RoutingError (No route matches [GET] "/new"):
  actionpack (4.1.1) lib/action_dispatch/middleware/debug_exceptions.rb:21:in `call'
  actionpack (4.1.1) lib/action_dispatch/middleware/show_exceptions.rb:30:in `call'
  railties (4.1.1) lib/rails/rack/logger.rb:38:in `call_app'
  railties (4.1.1) lib/rails/rack/logger.rb:20:in `block in call'
  activesupport (4.1.1) lib/active_support/tagged_logging.rb:68:in `block in tagged'
  activesupport (4.1.1) lib/active_support/tagged_logging.rb:26:in `tagged'
  activesupport (4.1.1) lib/active_support/tagged_logging.rb:68:in `tagged'
  railties (4.1.1) lib/rails/rack/logger.rb:20:in `call'
  actionpack (4.1.1) lib/action_dispatch/middleware/request_id.rb:21:in `call'
  rack (1.5.5) lib/rack/methodoverride.rb:21:in `call'
  rack (1.5.5) lib/rack/runtime.rb:17:in `call'
  activesupport (4.1.1) lib/active_support/cache/strategy/local_cache_middleware.rb:26:in `call'
  rack (1.5.5) lib/rack/lock.rb:17:in `call'
  actionpack (4.1.1) lib/action_dispatch/middleware/static.rb:64:in `call'
  rack (1.5.5) lib/rack/sendfile.rb:112:in `call'
  railties (4.1.1) lib/rails/engine.rb:514:in `call'
  railties (4.1.1) lib/rails/application.rb:144:in `call'
  rack (1.5.5) lib/rack/lock.rb:17:in `call'
  rack (1.5.5) lib/rack/content_length.rb:14:in `call'
  rack (1.5.5) lib/rack/handler/webrick.rb:60:in `service'
  /Users/edima/.rvm/rubies/ruby-2.1.1/lib/ruby/2.1.0/webrick/httpserver.rb:138:in `service'
  /Users/edima/.rvm/rubies/ruby-2.1.1/lib/ruby/2.1.0/webrick/httpserver.rb:94:in `run'
  /Users/edima/.rvm/rubies/ruby-2.1.1/lib/ruby/2.1.0/webrick/server.rb:295:in `block in start_thread'


  Rendered /Users/edima/.rvm/gems/ruby-2.1.1/gems/actionpack-4.1.1/lib/action_dispatch/middleware/templates/rescues/_trace.html.erb (1.4ms)
  Rendered /Users/edima/.rvm/gems/ruby-2.1.1/gems/actionpack-4.1.1/lib/action_dispatch/middleware/templates/routes/_route.html.erb (1.1ms)
  Rendered /Users/edima/.rvm/gems/ruby-2.1.1/gems/actionpack-4.1.1/lib/action_dispatch/middleware/templates/routes/_table.html.erb (1.9ms)
  Rendered /Users/edima/.rvm/gems/ruby-2.1.1/gems/actionpack-4.1.1/lib/action_dispatch/middleware/templates/rescues/routing_error.html.erb within rescues/layout (27.8ms)


Started GET "/assets/custom.self.css?body=1" for 127.0.0.1 at 2018-05-01 18:34:01 -0400


Started GET "/assets/static_pages.self.css?body=1" for 127.0.0.1 at 2018-05-01 18:34:01 -0400


Started GET "/assets/users.self.css?body=1" for 127.0.0.1 at 2018-05-01 18:34:01 -0400


Started GET "/assets/jquery_ujs.self.js?body=1" for 127.0.0.1 at 2018-05-01 18:34:01 -0400


Started GET "/assets/application.self.css?body=1" for 127.0.0.1 at 2018-05-01 18:34:01 -0400


Started GET "/assets/jquery.self.js?body=1" for 127.0.0.1 at 2018-05-01 18:34:01 -0400


Started GET "/assets/turbolinks.self.js?body=1" for 127.0.0.1 at 2018-05-01 18:34:01 -0400


Started GET "/assets/users.self.js?body=1" for 127.0.0.1 at 2018-05-01 18:34:01 -0400


Started GET "/assets/static_pages.self.js?body=1" for 127.0.0.1 at 2018-05-01 18:34:01 -0400


Started GET "/assets/application.self.js?body=1" for 127.0.0.1 at 2018-05-01 18:34:01 -0400


Started GET "/new" for 127.0.0.1 at 2018-05-01 18:34:11 -0400

ActionController::RoutingError (No route matches [GET] "/new"):
  actionpack (4.1.1) lib/action_dispatch/middleware/debug_exceptions.rb:21:in `call'
  actionpack (4.1.1) lib/action_dispatch/middleware/show_exceptions.rb:30:in `call'
  railties (4.1.1) lib/rails/rack/logger.rb:38:in `call_app'
  railties (4.1.1) lib/rails/rack/logger.rb:20:in `block in call'
  activesupport (4.1.1) lib/active_support/tagged_logging.rb:68:in `block in tagged'
  activesupport (4.1.1) lib/active_support/tagged_logging.rb:26:in `tagged'
  activesupport (4.1.1) lib/active_support/tagged_logging.rb:68:in `tagged'
  railties (4.1.1) lib/rails/rack/logger.rb:20:in `call'
  actionpack (4.1.1) lib/action_dispatch/middleware/request_id.rb:21:in `call'
  rack (1.5.5) lib/rack/methodoverride.rb:21:in `call'
  rack (1.5.5) lib/rack/runtime.rb:17:in `call'
  activesupport (4.1.1) lib/active_support/cache/strategy/local_cache_middleware.rb:26:in `call'
  rack (1.5.5) lib/rack/lock.rb:17:in `call'
  actionpack (4.1.1) lib/action_dispatch/middleware/static.rb:64:in `call'
  rack (1.5.5) lib/rack/sendfile.rb:112:in `call'
  railties (4.1.1) lib/rails/engine.rb:514:in `call'
  railties (4.1.1) lib/rails/application.rb:144:in `call'
  rack (1.5.5) lib/rack/lock.rb:17:in `call'
  rack (1.5.5) lib/rack/content_length.rb:14:in `call'
  rack (1.5.5) lib/rack/handler/webrick.rb:60:in `service'
  /Users/edima/.rvm/rubies/ruby-2.1.1/lib/ruby/2.1.0/webrick/httpserver.rb:138:in `service'
  /Users/edima/.rvm/rubies/ruby-2.1.1/lib/ruby/2.1.0/webrick/httpserver.rb:94:in `run'
  /Users/edima/.rvm/rubies/ruby-2.1.1/lib/ruby/2.1.0/webrick/server.rb:295:in `block in start_thread'


  Rendered /Users/edima/.rvm/gems/ruby-2.1.1/gems/actionpack-4.1.1/lib/action_dispatch/middleware/templates/rescues/_trace.html.erb (1.2ms)
  Rendered /Users/edima/.rvm/gems/ruby-2.1.1/gems/actionpack-4.1.1/lib/action_dispatch/middleware/templates/routes/_route.html.erb (1.1ms)
  Rendered /Users/edima/.rvm/gems/ruby-2.1.1/gems/actionpack-4.1.1/lib/action_dispatch/middleware/templates/routes/_table.html.erb (0.9ms)
  Rendered /Users/edima/.rvm/gems/ruby-2.1.1/gems/actionpack-4.1.1/lib/action_dispatch/middleware/templates/rescues/routing_error.html.erb within rescues/layout (58.7ms)


Started GET "/home" for 127.0.0.1 at 2018-05-01 18:34:23 -0400
Processing by StaticPagesController#home as HTML
  Rendered static_pages/home.html.erb within layouts/application (5.3ms)
  Rendered layouts/_rails_default.html.erb (0.1ms)
  Rendered layouts/_shim.html.erb (0.1ms)
  Rendered layouts/_header.html.erb (0.3ms)
  Rendered layouts/_footer.html.erb (0.1ms)
Completed 200 OK in 269ms (Views: 267.7ms | ActiveRecord: 0.0ms)


Started GET "/assets/static_pages.self.css?body=1" for 127.0.0.1 at 2018-05-01 18:34:23 -0400


Started GET "/assets/users.self.css?body=1" for 127.0.0.1 at 2018-05-01 18:34:23 -0400


Started GET "/assets/application.self.css?body=1" for 127.0.0.1 at 2018-05-01 18:34:23 -0400


Started GET "/assets/jquery.self.js?body=1" for 127.0.0.1 at 2018-05-01 18:34:23 -0400


Started GET "/assets/custom.self.css?body=1" for 127.0.0.1 at 2018-05-01 18:34:23 -0400


Started GET "/assets/jquery_ujs.self.js?body=1" for 127.0.0.1 at 2018-05-01 18:34:23 -0400


Started GET "/assets/turbolinks.self.js?body=1" for 127.0.0.1 at 2018-05-01 18:34:23 -0400


Started GET "/assets/static_pages.self.js?body=1" for 127.0.0.1 at 2018-05-01 18:34:23 -0400


Started GET "/assets/users.self.js?body=1" for 127.0.0.1 at 2018-05-01 18:34:23 -0400


Started GET "/assets/application.self.js?body=1" for 127.0.0.1 at 2018-05-01 18:34:23 -0400


Started GET "/home" for 127.0.0.1 at 2018-05-01 18:37:17 -0400
Processing by StaticPagesController#home as HTML
  Rendered static_pages/home.html.erb within layouts/application (26.5ms)
  Rendered layouts/_rails_default.html.erb (0.0ms)
  Rendered layouts/_shim.html.erb (0.1ms)
  Rendered layouts/_header.html.erb (0.2ms)
  Rendered layouts/_footer.html.erb (0.1ms)
Completed 200 OK in 343ms (Views: 341.9ms | ActiveRecord: 0.0ms)


Started GET "/assets/static_pages.self.css?body=1" for 127.0.0.1 at 2018-05-01 18:37:17 -0400


Started GET "/assets/users.self.css?body=1" for 127.0.0.1 at 2018-05-01 18:37:17 -0400


Started GET "/assets/custom.self.css?body=1" for 127.0.0.1 at 2018-05-01 18:37:17 -0400


Started GET "/assets/jquery.self.js?body=1" for 127.0.0.1 at 2018-05-01 18:37:17 -0400


Started GET "/assets/application.self.css?body=1" for 127.0.0.1 at 2018-05-01 18:37:18 -0400


Started GET "/assets/jquery_ujs.self.js?body=1" for 127.0.0.1 at 2018-05-01 18:37:18 -0400


Started GET "/assets/turbolinks.self.js?body=1" for 127.0.0.1 at 2018-05-01 18:37:18 -0400


Started GET "/assets/static_pages.self.js?body=1" for 127.0.0.1 at 2018-05-01 18:37:18 -0400


Started GET "/assets/application.self.js?body=1" for 127.0.0.1 at 2018-05-01 18:37:18 -0400


Started GET "/assets/users.self.js?body=1" for 127.0.0.1 at 2018-05-01 18:37:18 -0400


Started GET "/assets/rails.png" for 127.0.0.1 at 2018-05-01 18:37:18 -0400


Started GET "/signup" for 127.0.0.1 at 2018-05-01 18:37:19 -0400
Processing by UsersController#new as HTML
  Rendered users/new.html.erb within layouts/application (0.7ms)
  Rendered layouts/_rails_default.html.erb (0.1ms)
  Rendered layouts/_shim.html.erb (0.1ms)
  Rendered layouts/_header.html.erb (0.3ms)
  Rendered layouts/_footer.html.erb (0.1ms)
Completed 200 OK in 135ms (Views: 134.1ms | ActiveRecord: 0.0ms)


Started GET "/home" for 127.0.0.1 at 2018-05-01 18:53:14 -0400
Processing by StaticPagesController#home as HTML
  Rendered static_pages/home.html.erb within layouts/application (43.8ms)
  Rendered layouts/_rails_default.html.erb (0.1ms)
  Rendered layouts/_shim.html.erb (0.1ms)
  Rendered layouts/_header.html.erb (0.2ms)
  Rendered layouts/_footer.html.erb (0.2ms)
Completed 200 OK in 598ms (Views: 597.5ms | ActiveRecord: 0.0ms)


Started GET "/help" for 127.0.0.1 at 2018-05-01 18:53:16 -0400
Processing by StaticPagesController#help as HTML
  Rendered static_pages/help.html.erb within layouts/application (0.1ms)
  Rendered layouts/_rails_default.html.erb (0.5ms)
  Rendered layouts/_shim.html.erb (0.1ms)
  Rendered layouts/_header.html.erb (0.3ms)
  Rendered layouts/_footer.html.erb (0.1ms)
Completed 200 OK in 223ms (Views: 222.6ms | ActiveRecord: 0.0ms)


Started GET "/help" for 127.0.0.1 at 2018-05-01 18:53:18 -0400
Processing by StaticPagesController#help as HTML
  Rendered static_pages/help.html.erb within layouts/application (0.1ms)
  Rendered layouts/_rails_default.html.erb (0.1ms)
  Rendered layouts/_shim.html.erb (0.1ms)
  Rendered layouts/_header.html.erb (0.2ms)
  Rendered layouts/_footer.html.erb (0.1ms)
Completed 200 OK in 128ms (Views: 126.7ms | ActiveRecord: 0.0ms)


Started GET "/home" for 127.0.0.1 at 2018-05-01 18:53:19 -0400
Processing by StaticPagesController#home as HTML
  Rendered static_pages/home.html.erb within layouts/application (6.2ms)
  Rendered layouts/_rails_default.html.erb (0.1ms)
  Rendered layouts/_shim.html.erb (0.1ms)
  Rendered layouts/_header.html.erb (0.3ms)
  Rendered layouts/_footer.html.erb (0.1ms)
Completed 200 OK in 234ms (Views: 233.2ms | ActiveRecord: 0.0ms)
  [1m[36m (1.6ms)[0m  [1mCREATE TABLE "schema_migrations" ("version" varchar(255) NOT NULL) [0m
  [1m[35m (26.1ms)[0m  select sqlite_version(*)
  [1m[36m (1.5ms)[0m  [1mCREATE UNIQUE INDEX "unique_schema_migrations" ON "schema_migrations" ("version")[0m
  [1m[35mActiveRecord::SchemaMigration Load (0.2ms)[0m  SELECT "schema_migrations".* FROM "schema_migrations"
Migrating to CreateUsers (20180502181102)
  [1m[36m (0.1ms)[0m  [1mbegin transaction[0m
  [1m[35m (0.6ms)[0m  CREATE TABLE "users" ("id" INTEGER PRIMARY KEY AUTOINCREMENT NOT NULL, "name" varchar(255), "email" varchar(255), "created_at" datetime, "updated_at" datetime) 
  [1m[36mSQL (0.3ms)[0m  [1mINSERT INTO "schema_migrations" ("version") VALUES (?)[0m  [["version", "20180502181102"]]
  [1m[35m (1.5ms)[0m  commit transaction
  [1m[36mActiveRecord::SchemaMigration Load (0.2ms)[0m  [1mSELECT "schema_migrations".* FROM "schema_migrations"[0m
  [1m[36mActiveRecord::SchemaMigration Load (0.5ms)[0m  [1mSELECT "schema_migrations".* FROM "schema_migrations"[0m
Migrating to AddIndexToUsersEmail (20180502193125)
  [1m[35m (0.1ms)[0m  begin transaction
  [1m[36m (0.1ms)[0m  [1mselect sqlite_version(*)[0m
  [1m[35m (0.9ms)[0m  CREATE UNIQUE INDEX "index_users_on_email" ON "users" ("email")
  [1m[36mSQL (0.3ms)[0m  [1mINSERT INTO "schema_migrations" ("version") VALUES (?)[0m  [["version", "20180502193125"]]
  [1m[35m (1.7ms)[0m  commit transaction
  [1m[36mActiveRecord::SchemaMigration Load (0.1ms)[0m  [1mSELECT "schema_migrations".* FROM "schema_migrations"[0m
  [1m[35m (0.1ms)[0m              SELECT sql
            FROM sqlite_master
            WHERE name='index_users_on_email' AND type='index'
            UNION ALL
            SELECT sql
            FROM sqlite_temp_master
            WHERE name='index_users_on_email' AND type='index'

  [1m[36mActiveRecord::SchemaMigration Load (0.2ms)[0m  [1mSELECT "schema_migrations".* FROM "schema_migrations"[0m
Migrating to AddPasswordDigestToUsers (20180502195417)
  [1m[35m (0.1ms)[0m  begin transaction
  [1m[36m (1.1ms)[0m  [1mALTER TABLE "users" ADD "password_digest" varchar(255)[0m
  [1m[35mSQL (0.3ms)[0m  INSERT INTO "schema_migrations" ("version") VALUES (?)  [["version", "20180502195417"]]
  [1m[36m (32.2ms)[0m  [1mcommit transaction[0m
  [1m[35mActiveRecord::SchemaMigration Load (0.2ms)[0m  SELECT "schema_migrations".* FROM "schema_migrations"
  [1m[36m (0.2ms)[0m  [1m            SELECT sql
            FROM sqlite_master
            WHERE name='index_users_on_email' AND type='index'
            UNION ALL
            SELECT sql
            FROM sqlite_temp_master
            WHERE name='index_users_on_email' AND type='index'
[0m


Started GET "/home" for 127.0.0.1 at 2018-05-03 16:06:05 -0400
  [1m[36mActiveRecord::SchemaMigration Load (0.4ms)[0m  [1mSELECT "schema_migrations".* FROM "schema_migrations"[0m
Processing by StaticPagesController#home as HTML
  Rendered static_pages/home.html.erb within layouts/application (210.7ms)
Completed 500 Internal Server Error in 1054ms

ActionView::Template::Error (Invalid CSS after "...-light: #eaeaea": expected "{", was ";"):
    3:   <head>
    4:     <title><%= full_title(yield(:title)) %></title>
    5:     <%= csrf_meta_tags %>
    6:     <%= stylesheet_link_tag    'application', media: 'all',
    7:                                               'data-turbolinks-track'=> true %>
    8:     <%= javascript_include_tag 'application', 'data-turbolinks-track'=> true %>
    9:     <%= render 'layouts/rails_default' %>
  app/assets/stylesheets/custom.scss:105
  app/views/layouts/application.html.erb:6:in `_app_views_layouts_application_html_erb___2895044737531424683_2169056000'


  Rendered /Users/edima/.rvm/gems/ruby-2.1.1/gems/actionpack-4.1.1/lib/action_dispatch/middleware/templates/rescues/_trace.html.erb (2.5ms)
  Rendered /Users/edima/.rvm/gems/ruby-2.1.1/gems/actionpack-4.1.1/lib/action_dispatch/middleware/templates/rescues/_request_and_response.html.erb (1.5ms)
  Rendered /Users/edima/.rvm/gems/ruby-2.1.1/gems/actionpack-4.1.1/lib/action_dispatch/middleware/templates/rescues/template_error.html.erb within rescues/layout (29.5ms)


Started GET "/home" for 127.0.0.1 at 2018-05-03 16:07:00 -0400
Processing by StaticPagesController#home as HTML
  Rendered static_pages/home.html.erb within layouts/application (2.2ms)
  Rendered layouts/_rails_default.html.erb (0.4ms)
  Rendered layouts/_shim.html.erb (0.5ms)
  Rendered layouts/_header.html.erb (1.0ms)
  Rendered layouts/_footer.html.erb (0.5ms)
Completed 200 OK in 3772ms (Views: 3771.4ms | ActiveRecord: 0.0ms)


Started GET "/assets/static_pages.self.css?body=1" for 127.0.0.1 at 2018-05-03 16:07:04 -0400


Started GET "/assets/users.self.css?body=1" for 127.0.0.1 at 2018-05-03 16:07:04 -0400


Started GET "/assets/custom.self.css?body=1" for 127.0.0.1 at 2018-05-03 16:07:04 -0400


Started GET "/assets/application.self.css?body=1" for 127.0.0.1 at 2018-05-03 16:07:04 -0400


Started GET "/assets/jquery.self.js?body=1" for 127.0.0.1 at 2018-05-03 16:07:04 -0400


Started GET "/assets/jquery_ujs.self.js?body=1" for 127.0.0.1 at 2018-05-03 16:07:04 -0400


Started GET "/assets/turbolinks.self.js?body=1" for 127.0.0.1 at 2018-05-03 16:07:04 -0400


Started GET "/assets/static_pages.self.js?body=1" for 127.0.0.1 at 2018-05-03 16:07:04 -0400


Started GET "/assets/users.self.js?body=1" for 127.0.0.1 at 2018-05-03 16:07:04 -0400


Started GET "/assets/application.self.js?body=1" for 127.0.0.1 at 2018-05-03 16:07:04 -0400


Started GET "/assets/rails.png" for 127.0.0.1 at 2018-05-03 16:07:04 -0400


Started GET "/about" for 127.0.0.1 at 2018-05-03 16:07:13 -0400
Processing by StaticPagesController#about as HTML
  Rendered static_pages/about.html.erb within layouts/application (0.6ms)
  Rendered layouts/_rails_default.html.erb (0.1ms)
  Rendered layouts/_shim.html.erb (0.1ms)
  Rendered layouts/_header.html.erb (0.3ms)
  Rendered layouts/_footer.html.erb (0.1ms)
Completed 200 OK in 158ms (Views: 157.3ms | ActiveRecord: 0.0ms)


Started GET "/home" for 127.0.0.1 at 2018-05-03 16:13:13 -0400
Processing by StaticPagesController#home as HTML
  Rendered static_pages/home.html.erb within layouts/application (3.2ms)
  Rendered layouts/_rails_default.html.erb (0.1ms)
  Rendered layouts/_shim.html.erb (0.0ms)
  Rendered layouts/_header.html.erb (0.8ms)
  Rendered layouts/_footer.html.erb (0.2ms)
Completed 200 OK in 145ms (Views: 144.6ms | ActiveRecord: 0.0ms)


Started GET "/home" for 127.0.0.1 at 2018-05-03 16:13:42 -0400
Processing by StaticPagesController#home as HTML
  Rendered static_pages/home.html.erb within layouts/application (2.0ms)
  Rendered layouts/_rails_default.html.erb (0.1ms)
  Rendered layouts/_shim.html.erb (0.1ms)
  Rendered layouts/_header.html.erb (0.3ms)
  Rendered layouts/_footer.html.erb (0.1ms)
Completed 200 OK in 85ms (Views: 84.2ms | ActiveRecord: 0.0ms)


Started GET "/assets/static_pages.self.css?body=1" for 127.0.0.1 at 2018-05-03 16:13:42 -0400


Started GET "/assets/users.self.css?body=1" for 127.0.0.1 at 2018-05-03 16:13:42 -0400


Started GET "/assets/application.self.css?body=1" for 127.0.0.1 at 2018-05-03 16:13:42 -0400


Started GET "/assets/jquery.self.js?body=1" for 127.0.0.1 at 2018-05-03 16:13:42 -0400


Started GET "/assets/turbolinks.self.js?body=1" for 127.0.0.1 at 2018-05-03 16:13:42 -0400


Started GET "/assets/jquery_ujs.self.js?body=1" for 127.0.0.1 at 2018-05-03 16:13:42 -0400


Started GET "/assets/custom.self.css?body=1" for 127.0.0.1 at 2018-05-03 16:13:42 -0400


Started GET "/assets/static_pages.self.js?body=1" for 127.0.0.1 at 2018-05-03 16:13:42 -0400


Started GET "/assets/users.self.js?body=1" for 127.0.0.1 at 2018-05-03 16:13:42 -0400


Started GET "/assets/application.self.js?body=1" for 127.0.0.1 at 2018-05-03 16:13:42 -0400


Started GET "/assets/rails.png" for 127.0.0.1 at 2018-05-03 16:13:42 -0400


Started GET "/contact" for 127.0.0.1 at 2018-05-03 16:14:10 -0400
Processing by StaticPagesController#contact as HTML
  Rendered static_pages/contact.html.erb within layouts/application (0.4ms)
  Rendered layouts/_rails_default.html.erb (0.0ms)
  Rendered layouts/_shim.html.erb (0.0ms)
  Rendered layouts/_header.html.erb (0.2ms)
  Rendered layouts/_footer.html.erb (0.1ms)
Completed 200 OK in 195ms (Views: 194.2ms | ActiveRecord: 0.0ms)
